#
# There is insufficient memory for the Java Runtime Environment to continue.
# Native memory allocation (mmap) failed to map 213909504 bytes for G1 virtual space
# Possible reasons:
#   The system is out of physical RAM or swap space
#   The process is running with CompressedOops enabled, and the Java Heap may be blocking the growth of the native heap
# Possible solutions:
#   Reduce memory load on the system
#   Increase physical memory or swap space
#   Check if swap backing store is full
#   Decrease Java heap size (-Xmx/-Xms)
#   Decrease number of Java threads
#   Decrease Java thread stack sizes (-Xss)
#   Set larger code cache with -XX:ReservedCodeCacheSize=
#   JVM is running with Unscaled Compressed Oops mode in which the Java heap is
#     placed in the first 4GB address space. The Java Heap base address is the
#     maximum limit for the native heap growth. Please use -XX:HeapBaseMinAddress
#     to set the Java Heap base and to place the Java Heap above 4GB virtual address.
# This output file may be truncated or incomplete.
#
#  Out of Memory Error (os_windows.cpp:3535), pid=11624, tid=106392
#
# JRE version: OpenJDK Runtime Environment Temurin-17.0.3+7 (17.0.3+7) (build 17.0.3+7)
# Java VM: OpenJDK 64-Bit Server VM Temurin-17.0.3+7 (17.0.3+7, mixed mode, emulated-client, tiered, compressed oops, compressed class ptrs, g1 gc, windows-amd64)
# No core dump will be written. Minidumps are not enabled by default on client versions of Windows
#

---------------  S U M M A R Y ------------

Command Line: --add-modules=ALL-SYSTEM --add-exports=jdk.compiler/com.sun.tools.javac.file=ALL-UNNAMED --add-exports=jdk.compiler/com.sun.tools.javac.util=ALL-UNNAMED --add-exports=jdk.compiler/com.sun.tools.javac.comp=ALL-UNNAMED --add-exports=jdk.compiler/com.sun.tools.javac.main=ALL-UNNAMED --add-exports=jdk.compiler/com.sun.tools.javac.tree=ALL-UNNAMED --add-exports=jdk.compiler/com.sun.tools.javac.code=ALL-UNNAMED -Dsts.lsp.client=vscode -Dsts.log.file=/dev/null -XX:TieredStopAtLevel=1 -Dspring.config.location=file:c:\Users\Geraldo\.vscode\extensions\pivotal.vscode-spring-boot-1.36.0\language-server\BOOT-INF\classes\application.properties org.springframework.ide.vscode.boot.app.BootLanguageServerBootApp

Host: Intel(R) Core(TM) i5-4200U CPU @ 1.60GHz, 4 cores, 5G,  Windows 10 , 64 bit Build 19041 (10.0.19041.1741)
Time: Mon Jul 11 16:34:55 2022 Hora oficial do Brasil elapsed time: 27.694269 seconds (0d 0h 0m 27s)

---------------  T H R E A D  ---------------

Current thread (0x000002605f8c0ed0):  VMThread "VM Thread" [stack: 0x0000007e8df00000,0x0000007e8e000000] [id=106392]

Stack: [0x0000007e8df00000,0x0000007e8e000000]
Native frames: (J=compiled Java code, j=interpreted, Vv=VM code, C=native code)
V  [jvm.dll+0x675efa]
V  [jvm.dll+0x830a24]
V  [jvm.dll+0x8321ce]
V  [jvm.dll+0x832833]
V  [jvm.dll+0x2454b5]
V  [jvm.dll+0x672de9]
V  [jvm.dll+0x667732]
V  [jvm.dll+0x3043ab]
V  [jvm.dll+0x30b8f6]
V  [jvm.dll+0x35b62e]
V  [jvm.dll+0x35b85f]
V  [jvm.dll+0x2db248]
V  [jvm.dll+0x2d94fc]
V  [jvm.dll+0x2d8acc]
V  [jvm.dll+0x31ca2b]
V  [jvm.dll+0x836cdb]
V  [jvm.dll+0x837a14]
V  [jvm.dll+0x837f2c]
V  [jvm.dll+0x838304]
V  [jvm.dll+0x8383d0]
V  [jvm.dll+0x7e0cfa]
V  [jvm.dll+0x674d85]
C  [ucrtbase.dll+0x21bb2]
C  [KERNEL32.DLL+0x17034]
C  [ntdll.dll+0x52651]

VM_Operation (0x0000007e8f6fe850): G1CollectForAllocation, mode: safepoint, requested by thread 0x0000026061f58040


---------------  P R O C E S S  ---------------

Threads class SMR info:
_java_thread_list=0x0000026063f2ac60, length=30, elements={
0x000002605f8d7750, 0x000002605f8d94e0, 0x000002605f916130, 0x000002605f917f60,
0x000002605f918fc0, 0x000002605f91baa0, 0x000002605f91ded0, 0x000002605f920f80,
0x000002605f85aea0, 0x0000026060628070, 0x0000026060514a00, 0x0000026061eebff0,
0x0000026061d4ed40, 0x000002606201c720, 0x000002605415cae0, 0x000002606201cbf0,
0x0000026061f3f050, 0x0000026061f58040, 0x0000026061f58510, 0x0000026061fd60d0,
0x0000026062074a30, 0x0000026062074560, 0x0000026062076240, 0x00000260620753d0,
0x0000026062074f00, 0x00000260620758a0, 0x0000026062075d70, 0x0000026062077a50,
0x0000026062077580, 0x0000026062074090
}

Java Threads: ( => current thread )
  0x000002605f8d7750 JavaThread "Reference Handler" daemon [_thread_blocked, id=105804, stack(0x0000007e8e000000,0x0000007e8e100000)]
  0x000002605f8d94e0 JavaThread "Finalizer" daemon [_thread_blocked, id=105816, stack(0x0000007e8e100000,0x0000007e8e200000)]
  0x000002605f916130 JavaThread "Signal Dispatcher" daemon [_thread_blocked, id=105784, stack(0x0000007e8e200000,0x0000007e8e300000)]
  0x000002605f917f60 JavaThread "Attach Listener" daemon [_thread_blocked, id=105820, stack(0x0000007e8e300000,0x0000007e8e400000)]
  0x000002605f918fc0 JavaThread "Service Thread" daemon [_thread_blocked, id=105824, stack(0x0000007e8e400000,0x0000007e8e500000)]
  0x000002605f91baa0 JavaThread "Monitor Deflation Thread" daemon [_thread_blocked, id=105832, stack(0x0000007e8e500000,0x0000007e8e600000)]
  0x000002605f91ded0 JavaThread "C1 CompilerThread0" daemon [_thread_blocked, id=105836, stack(0x0000007e8e600000,0x0000007e8e700000)]
  0x000002605f920f80 JavaThread "Sweeper thread" daemon [_thread_blocked, id=105812, stack(0x0000007e8e700000,0x0000007e8e800000)]
  0x000002605f85aea0 JavaThread "Common-Cleaner" daemon [_thread_blocked, id=104948, stack(0x0000007e8e800000,0x0000007e8e900000)]
  0x0000026060628070 JavaThread "Notification Thread" daemon [_thread_blocked, id=19980, stack(0x0000007e8eb00000,0x0000007e8ec00000)]
  0x0000026060514a00 JavaThread "C1 CompilerThread1" daemon [_thread_blocked, id=103948, stack(0x0000007e8e900000,0x0000007e8ea00000)]
  0x0000026061eebff0 JavaThread "ForkJoinPool.commonPool-worker-1" daemon [_thread_blocked, id=105908, stack(0x0000007e8f100000,0x0000007e8f200000)]
  0x0000026061d4ed40 JavaThread "pool-7-thread-1" [_thread_blocked, id=105504, stack(0x0000007e8f200000,0x0000007e8f300000)]
  0x000002606201c720 JavaThread "LanguageServerApp-lifecycle" [_thread_blocked, id=106080, stack(0x0000007e8f300000,0x0000007e8f400000)]
  0x000002605415cae0 JavaThread "DestroyJavaVM" [_thread_blocked, id=106216, stack(0x0000007e8d900000,0x0000007e8da00000)]
  0x000002606201cbf0 JavaThread "ClassGraph-worker-0" daemon [_thread_blocked, id=93104, stack(0x0000007e8f400000,0x0000007e8f500000)]
  0x0000026061f3f050 JavaThread "ClassGraph-worker-1" daemon [_thread_blocked, id=105980, stack(0x0000007e8f500000,0x0000007e8f600000)]
  0x0000026061f58040 JavaThread "ClassGraph-worker-2" daemon [_thread_blocked, id=105508, stack(0x0000007e8f600000,0x0000007e8f700000)]
  0x0000026061f58510 JavaThread "ClassGraph-worker-3" daemon [_thread_blocked, id=105480, stack(0x0000007e8f700000,0x0000007e8f800000)]
  0x0000026061fd60d0 JavaThread "ClassGraph-worker-4" daemon [_thread_blocked, id=105484, stack(0x0000007e8f800000,0x0000007e8f900000)]
  0x0000026062074a30 JavaThread "ClassGraph-worker-5" daemon [_thread_blocked, id=104640, stack(0x0000007e8f900000,0x0000007e8fa00000)]
  0x0000026062074560 JavaThread "ClassGraph-worker-6" daemon [_thread_blocked, id=106064, stack(0x0000007e8fa00000,0x0000007e8fb00000)]
  0x0000026062076240 JavaThread "ClassGraph-worker-7" daemon [_thread_blocked, id=106020, stack(0x0000007e8fb00000,0x0000007e8fc00000)]
  0x00000260620753d0 JavaThread "pool-8-thread-1" [_thread_in_native, id=105924, stack(0x0000007e8fc00000,0x0000007e8fd00000)]
  0x0000026062074f00 JavaThread "Simple-Language-Server main thread" daemon [_thread_blocked, id=105856, stack(0x0000007e8fd00000,0x0000007e8fe00000)]
  0x00000260620758a0 JavaThread "Reconciler-1" [_thread_blocked, id=105916, stack(0x0000007e8fe00000,0x0000007e8ff00000)]
  0x0000026062075d70 JavaThread "parallel-1" daemon [_thread_blocked, id=105544, stack(0x0000007e8ff00000,0x0000007e90000000)]
  0x0000026062077a50 JavaThread "pool-2-thread-1" [_thread_blocked, id=106472, stack(0x0000007e90000000,0x0000007e90100000)]
  0x0000026062077580 JavaThread "ForkJoinPool.commonPool-worker-2" daemon [_thread_blocked, id=105652, stack(0x0000007e90100000,0x0000007e90200000)]
  0x0000026062074090 JavaThread "pool-3-thread-1" [_thread_blocked, id=105008, stack(0x0000007e90200000,0x0000007e90300000)]

Other Threads:
=>0x000002605f8c0ed0 VMThread "VM Thread" [stack: 0x0000007e8df00000,0x0000007e8e000000] [id=106392]
  0x00000260605c9600 WatcherThread [stack: 0x0000007e8ec00000,0x0000007e8ed00000] [id=105492]
  0x00000260541a6dc0 GCTaskThread "GC Thread#0" [stack: 0x0000007e8da00000,0x0000007e8db00000] [id=86224]
  0x0000026060544d50 GCTaskThread "GC Thread#1" [stack: 0x0000007e8ea00000,0x0000007e8eb00000] [id=106332]
  0x0000026060ea7bc0 GCTaskThread "GC Thread#2" [stack: 0x0000007e8ed00000,0x0000007e8ee00000] [id=104352]
  0x0000026060fa4ea0 GCTaskThread "GC Thread#3" [stack: 0x0000007e8ef00000,0x0000007e8f000000] [id=98312]
  0x00000260541b3890 ConcurrentGCThread "G1 Main Marker" [stack: 0x0000007e8db00000,0x0000007e8dc00000] [id=106316]
  0x00000260541b41b0 ConcurrentGCThread "G1 Conc#0" [stack: 0x0000007e8dc00000,0x0000007e8dd00000] [id=97952]
  0x00000260542191d0 ConcurrentGCThread "G1 Refine#0" [stack: 0x0000007e8dd00000,0x0000007e8de00000] [id=106368]
  0x0000026054219b00 ConcurrentGCThread "G1 Service" [stack: 0x0000007e8de00000,0x0000007e8df00000] [id=100416]

Threads with active compile tasks:

VM state: at safepoint (normal execution)

VM Mutex/Monitor currently owned by a thread:  ([mutex/lock_event])
[0x000002605208e650] Threads_lock - owner thread: 0x000002605f8c0ed0
[0x000002605414ff20] Heap_lock - owner thread: 0x0000026061f58040

Heap address: 0x00000000a1c00000, size: 1508 MB, Compressed Oops mode: 32-bit

CDS archive(s) not mapped
Compressed class space mapped at: 0x0000000100000000-0x0000000140000000, reserved size: 1073741824
Narrow klass base: 0x0000000000000000, Narrow klass shift: 3, Narrow klass range: 0x140000000

GC Precious Log:
 CPUs: 4 total, 4 available
 Memory: 6024M
 Large Page Support: Disabled
 NUMA Support: Disabled
 Compressed Oops: Enabled (32-bit)
 Heap Region Size: 1M
 Heap Min Capacity: 8M
 Heap Initial Capacity: 96M
 Heap Max Capacity: 1508M
 Pre-touch: Disabled
 Parallel Workers: 4
 Concurrent Workers: 1
 Concurrent Refinement Workers: 4
 Periodic GC: Disabled

Heap:
 garbage-first heap   total 208896K, used 75677K [0x00000000a1c00000, 0x0000000100000000)
  region size 1024K, 9 young (9216K), 9 survivors (9216K)
 Metaspace       used 43826K, committed 44160K, reserved 1089536K
  class space    used 5406K, committed 5568K, reserved 1048576K

Heap Regions: E=young(eden), S=young(survivor), O=old, HS=humongous(starts), HC=humongous(continues), CS=collection set, F=free, OA=open archive, CA=closed archive, TAMS=top-at-mark-start (previous, next)
|   0|0x00000000a1c00000, 0x00000000a1d00000, 0x00000000a1d00000|100%| O|  |TAMS 0x00000000a1d00000, 0x00000000a1c00000| Untracked 
|   1|0x00000000a1d00000, 0x00000000a1e00000, 0x00000000a1e00000|100%| O|  |TAMS 0x00000000a1e00000, 0x00000000a1d00000| Untracked 
|   2|0x00000000a1e00000, 0x00000000a1f00000, 0x00000000a1f00000|100%| O|  |TAMS 0x00000000a1f00000, 0x00000000a1e00000| Untracked 
|   3|0x00000000a1f00000, 0x00000000a2000000, 0x00000000a2000000|100%| O|  |TAMS 0x00000000a2000000, 0x00000000a1f00000| Untracked 
|   4|0x00000000a2000000, 0x00000000a2100000, 0x00000000a2100000|100%| O|  |TAMS 0x00000000a2100000, 0x00000000a2000000| Untracked 
|   5|0x00000000a2100000, 0x00000000a2200000, 0x00000000a2200000|100%| O|  |TAMS 0x00000000a2200000, 0x00000000a2100000| Untracked 
|   6|0x00000000a2200000, 0x00000000a2300000, 0x00000000a2300000|100%| O|  |TAMS 0x00000000a2300000, 0x00000000a2200000| Untracked 
|   7|0x00000000a2300000, 0x00000000a2400000, 0x00000000a2400000|100%| O|  |TAMS 0x00000000a2300000, 0x00000000a2300000| Untracked 
|   8|0x00000000a2400000, 0x00000000a2500000, 0x00000000a2500000|100%| O|  |TAMS 0x00000000a2500000, 0x00000000a2400000| Untracked 
|   9|0x00000000a2500000, 0x00000000a2600000, 0x00000000a2600000|100%| O|  |TAMS 0x00000000a2600000, 0x00000000a2500000| Untracked 
|  10|0x00000000a2600000, 0x00000000a2700000, 0x00000000a2700000|100%| O|  |TAMS 0x00000000a2700000, 0x00000000a2600000| Untracked 
|  11|0x00000000a2700000, 0x00000000a2800000, 0x00000000a2800000|100%| O|  |TAMS 0x00000000a2800000, 0x00000000a2700000| Untracked 
|  12|0x00000000a2800000, 0x00000000a2900000, 0x00000000a2900000|100%| O|  |TAMS 0x00000000a2900000, 0x00000000a2800000| Untracked 
|  13|0x00000000a2900000, 0x00000000a2a00000, 0x00000000a2a00000|100%| O|  |TAMS 0x00000000a2a00000, 0x00000000a2900000| Untracked 
|  14|0x00000000a2a00000, 0x00000000a2b00000, 0x00000000a2b00000|100%| O|  |TAMS 0x00000000a2b00000, 0x00000000a2a00000| Untracked 
|  15|0x00000000a2b00000, 0x00000000a2c00000, 0x00000000a2c00000|100%| O|  |TAMS 0x00000000a2c00000, 0x00000000a2b00000| Untracked 
|  16|0x00000000a2c00000, 0x00000000a2d00000, 0x00000000a2d00000|100%| O|  |TAMS 0x00000000a2d00000, 0x00000000a2c00000| Untracked 
|  17|0x00000000a2d00000, 0x00000000a2e00000, 0x00000000a2e00000|100%| O|  |TAMS 0x00000000a2e00000, 0x00000000a2d00000| Untracked 
|  18|0x00000000a2e00000, 0x00000000a2f00000, 0x00000000a2f00000|100%| O|  |TAMS 0x00000000a2f00000, 0x00000000a2e00000| Untracked 
|  19|0x00000000a2f00000, 0x00000000a3000000, 0x00000000a3000000|100%| O|  |TAMS 0x00000000a3000000, 0x00000000a2f00000| Untracked 
|  20|0x00000000a3000000, 0x00000000a3100000, 0x00000000a3100000|100%| O|  |TAMS 0x00000000a3100000, 0x00000000a3000000| Untracked 
|  21|0x00000000a3100000, 0x00000000a3200000, 0x00000000a3200000|100%| O|  |TAMS 0x00000000a3200000, 0x00000000a3100000| Untracked 
|  22|0x00000000a3200000, 0x00000000a3300000, 0x00000000a3300000|100%| O|  |TAMS 0x00000000a3300000, 0x00000000a3200000| Untracked 
|  23|0x00000000a3300000, 0x00000000a3400000, 0x00000000a3400000|100%| O|  |TAMS 0x00000000a3400000, 0x00000000a3300000| Untracked 
|  24|0x00000000a3400000, 0x00000000a3500000, 0x00000000a3500000|100%| O|  |TAMS 0x00000000a3500000, 0x00000000a3400000| Untracked 
|  25|0x00000000a3500000, 0x00000000a3600000, 0x00000000a3600000|100%| O|  |TAMS 0x00000000a3600000, 0x00000000a3500000| Untracked 
|  26|0x00000000a3600000, 0x00000000a3700000, 0x00000000a3700000|100%| O|  |TAMS 0x00000000a3700000, 0x00000000a3600000| Untracked 
|  27|0x00000000a3700000, 0x00000000a3800000, 0x00000000a3800000|100%| O|  |TAMS 0x00000000a3800000, 0x00000000a3700000| Untracked 
|  28|0x00000000a3800000, 0x00000000a3900000, 0x00000000a3900000|100%| O|  |TAMS 0x00000000a3900000, 0x00000000a3800000| Untracked 
|  29|0x00000000a3900000, 0x00000000a3a00000, 0x00000000a3a00000|100%| O|  |TAMS 0x00000000a3a00000, 0x00000000a3900000| Untracked 
|  30|0x00000000a3a00000, 0x00000000a3b00000, 0x00000000a3b00000|100%| O|  |TAMS 0x00000000a3b00000, 0x00000000a3a00000| Untracked 
|  31|0x00000000a3b00000, 0x00000000a3c00000, 0x00000000a3c00000|100%| O|  |TAMS 0x00000000a3c00000, 0x00000000a3b00000| Untracked 
|  32|0x00000000a3c00000, 0x00000000a3d00000, 0x00000000a3d00000|100%| O|  |TAMS 0x00000000a3d00000, 0x00000000a3c00000| Untracked 
|  33|0x00000000a3d00000, 0x00000000a3e00000, 0x00000000a3e00000|100%|HS|  |TAMS 0x00000000a3e00000, 0x00000000a3d00000| Complete 
|  34|0x00000000a3e00000, 0x00000000a3f00000, 0x00000000a3f00000|100%| O|  |TAMS 0x00000000a3f00000, 0x00000000a3e00000| Untracked 
|  35|0x00000000a3f00000, 0x00000000a4000000, 0x00000000a4000000|100%| O|  |TAMS 0x00000000a4000000, 0x00000000a3f00000| Untracked 
|  36|0x00000000a4000000, 0x00000000a4100000, 0x00000000a4100000|100%| O|  |TAMS 0x00000000a4100000, 0x00000000a4000000| Untracked 
|  37|0x00000000a4100000, 0x00000000a4200000, 0x00000000a4200000|100%| O|  |TAMS 0x00000000a4200000, 0x00000000a4100000| Untracked 
|  38|0x00000000a4200000, 0x00000000a4300000, 0x00000000a4300000|100%| O|  |TAMS 0x00000000a4300000, 0x00000000a4200000| Untracked 
|  39|0x00000000a4300000, 0x00000000a4400000, 0x00000000a4400000|100%| O|  |TAMS 0x00000000a4400000, 0x00000000a4300000| Untracked 
|  40|0x00000000a4400000, 0x00000000a4500000, 0x00000000a4500000|100%| O|  |TAMS 0x00000000a4500000, 0x00000000a4400000| Untracked 
|  41|0x00000000a4500000, 0x00000000a4600000, 0x00000000a4600000|100%| O|  |TAMS 0x00000000a4600000, 0x00000000a4500000| Untracked 
|  42|0x00000000a4600000, 0x00000000a4700000, 0x00000000a4700000|100%| O|  |TAMS 0x00000000a4700000, 0x00000000a4600000| Untracked 
|  43|0x00000000a4700000, 0x00000000a4800000, 0x00000000a4800000|100%| O|  |TAMS 0x00000000a4800000, 0x00000000a4700000| Untracked 
|  44|0x00000000a4800000, 0x00000000a4900000, 0x00000000a4900000|100%| O|  |TAMS 0x00000000a4900000, 0x00000000a4800000| Untracked 
|  45|0x00000000a4900000, 0x00000000a4a00000, 0x00000000a4a00000|100%| O|  |TAMS 0x00000000a4a00000, 0x00000000a4900000| Untracked 
|  46|0x00000000a4a00000, 0x00000000a4b00000, 0x00000000a4b00000|100%|HS|  |TAMS 0x00000000a4b00000, 0x00000000a4a00000| Complete 
|  47|0x00000000a4b00000, 0x00000000a4c00000, 0x00000000a4c00000|100%|HC|  |TAMS 0x00000000a4c00000, 0x00000000a4b00000| Complete 
|  48|0x00000000a4c00000, 0x00000000a4d00000, 0x00000000a4d00000|100%|HS|  |TAMS 0x00000000a4d00000, 0x00000000a4c00000| Complete 
|  49|0x00000000a4d00000, 0x00000000a4e00000, 0x00000000a4e00000|100%| O|  |TAMS 0x00000000a4e00000, 0x00000000a4d00000| Untracked 
|  50|0x00000000a4e00000, 0x00000000a4f00000, 0x00000000a4f00000|100%| O|  |TAMS 0x00000000a4f00000, 0x00000000a4e00000| Untracked 
|  51|0x00000000a4f00000, 0x00000000a5000000, 0x00000000a5000000|100%| O|  |TAMS 0x00000000a5000000, 0x00000000a4f00000| Untracked 
|  52|0x00000000a5000000, 0x00000000a5100000, 0x00000000a5100000|100%| O|  |TAMS 0x00000000a5038e00, 0x00000000a5000000| Untracked 
|  53|0x00000000a5100000, 0x00000000a5200000, 0x00000000a5200000|100%| O|  |TAMS 0x00000000a5100000, 0x00000000a5100000| Untracked 
|  54|0x00000000a5200000, 0x00000000a5300000, 0x00000000a5300000|100%| O|  |TAMS 0x00000000a5200000, 0x00000000a5200000| Untracked 
|  55|0x00000000a5300000, 0x00000000a5400000, 0x00000000a5400000|100%| O|  |TAMS 0x00000000a5300000, 0x00000000a5300000| Untracked 
|  56|0x00000000a5400000, 0x00000000a5500000, 0x00000000a5500000|100%| O|  |TAMS 0x00000000a5400000, 0x00000000a5400000| Untracked 
|  57|0x00000000a5500000, 0x00000000a5600000, 0x00000000a5600000|100%| O|  |TAMS 0x00000000a5500000, 0x00000000a5500000| Untracked 
|  58|0x00000000a5600000, 0x00000000a5700000, 0x00000000a5700000|100%| O|  |TAMS 0x00000000a5600000, 0x00000000a5600000| Untracked 
|  59|0x00000000a5700000, 0x00000000a5800000, 0x00000000a5800000|100%| O|  |TAMS 0x00000000a5700000, 0x00000000a5700000| Untracked 
|  60|0x00000000a5800000, 0x00000000a5900000, 0x00000000a5900000|100%| O|  |TAMS 0x00000000a5800000, 0x00000000a5800000| Untracked 
|  61|0x00000000a5900000, 0x00000000a5a00000, 0x00000000a5a00000|100%| O|  |TAMS 0x00000000a5900000, 0x00000000a5900000| Untracked 
|  62|0x00000000a5a00000, 0x00000000a5b00000, 0x00000000a5b00000|100%| O|  |TAMS 0x00000000a5a00000, 0x00000000a5a00000| Untracked 
|  63|0x00000000a5b00000, 0x00000000a5c00000, 0x00000000a5c00000|100%| O|  |TAMS 0x00000000a5b00000, 0x00000000a5b00000| Untracked 
|  64|0x00000000a5c00000, 0x00000000a5ce7400, 0x00000000a5d00000| 90%| O|  |TAMS 0x00000000a5c00000, 0x00000000a5c00000| Untracked 
|  65|0x00000000a5d00000, 0x00000000a5d00000, 0x00000000a5e00000|  0%| F|  |TAMS 0x00000000a5d00000, 0x00000000a5d00000| Untracked 
|  66|0x00000000a5e00000, 0x00000000a5e00000, 0x00000000a5f00000|  0%| F|  |TAMS 0x00000000a5e00000, 0x00000000a5e00000| Untracked 
|  67|0x00000000a5f00000, 0x00000000a5f00000, 0x00000000a6000000|  0%| F|  |TAMS 0x00000000a5f00000, 0x00000000a5f00000| Untracked 
|  68|0x00000000a6000000, 0x00000000a6000000, 0x00000000a6100000|  0%| F|  |TAMS 0x00000000a6000000, 0x00000000a6000000| Untracked 
|  69|0x00000000a6100000, 0x00000000a6100000, 0x00000000a6200000|  0%| F|  |TAMS 0x00000000a6100000, 0x00000000a6100000| Untracked 
|  70|0x00000000a6200000, 0x00000000a6200000, 0x00000000a6300000|  0%| F|  |TAMS 0x00000000a6200000, 0x00000000a6200000| Untracked 
|  71|0x00000000a6300000, 0x00000000a6300000, 0x00000000a6400000|  0%| F|  |TAMS 0x00000000a6300000, 0x00000000a6300000| Untracked 
|  72|0x00000000a6400000, 0x00000000a6400000, 0x00000000a6500000|  0%| F|  |TAMS 0x00000000a6400000, 0x00000000a6400000| Untracked 
|  73|0x00000000a6500000, 0x00000000a6500000, 0x00000000a6600000|  0%| F|  |TAMS 0x00000000a6500000, 0x00000000a6500000| Untracked 
|  74|0x00000000a6600000, 0x00000000a6600000, 0x00000000a6700000|  0%| F|  |TAMS 0x00000000a6600000, 0x00000000a6600000| Untracked 
|  75|0x00000000a6700000, 0x00000000a6700000, 0x00000000a6800000|  0%| F|  |TAMS 0x00000000a6700000, 0x00000000a6700000| Untracked 
|  76|0x00000000a6800000, 0x00000000a6800000, 0x00000000a6900000|  0%| F|  |TAMS 0x00000000a6800000, 0x00000000a6800000| Untracked 
|  77|0x00000000a6900000, 0x00000000a6900000, 0x00000000a6a00000|  0%| F|  |TAMS 0x00000000a6900000, 0x00000000a6900000| Untracked 
|  78|0x00000000a6a00000, 0x00000000a6a00000, 0x00000000a6b00000|  0%| F|  |TAMS 0x00000000a6a00000, 0x00000000a6a00000| Untracked 
|  79|0x00000000a6b00000, 0x00000000a6b00000, 0x00000000a6c00000|  0%| F|  |TAMS 0x00000000a6b00000, 0x00000000a6b00000| Untracked 
|  80|0x00000000a6c00000, 0x00000000a6c00000, 0x00000000a6d00000|  0%| F|  |TAMS 0x00000000a6c00000, 0x00000000a6c00000| Untracked 
|  81|0x00000000a6d00000, 0x00000000a6d00000, 0x00000000a6e00000|  0%| F|  |TAMS 0x00000000a6d00000, 0x00000000a6d00000| Untracked 
|  82|0x00000000a6e00000, 0x00000000a6e00000, 0x00000000a6f00000|  0%| F|  |TAMS 0x00000000a6e00000, 0x00000000a6e00000| Untracked 
|  83|0x00000000a6f00000, 0x00000000a6f00000, 0x00000000a7000000|  0%| F|  |TAMS 0x00000000a6f00000, 0x00000000a6f00000| Untracked 
|  84|0x00000000a7000000, 0x00000000a7000000, 0x00000000a7100000|  0%| F|  |TAMS 0x00000000a7000000, 0x00000000a7000000| Untracked 
|  85|0x00000000a7100000, 0x00000000a7100000, 0x00000000a7200000|  0%| F|  |TAMS 0x00000000a7100000, 0x00000000a7100000| Untracked 
|  86|0x00000000a7200000, 0x00000000a7200000, 0x00000000a7300000|  0%| F|  |TAMS 0x00000000a7200000, 0x00000000a7200000| Untracked 
|  87|0x00000000a7300000, 0x00000000a7300000, 0x00000000a7400000|  0%| F|  |TAMS 0x00000000a7300000, 0x00000000a7300000| Untracked 
|  88|0x00000000a7400000, 0x00000000a7400000, 0x00000000a7500000|  0%| F|  |TAMS 0x00000000a7400000, 0x00000000a7400000| Untracked 
|  89|0x00000000a7500000, 0x00000000a7500000, 0x00000000a7600000|  0%| F|  |TAMS 0x00000000a7500000, 0x00000000a7500000| Untracked 
|  90|0x00000000a7600000, 0x00000000a7600000, 0x00000000a7700000|  0%| F|  |TAMS 0x00000000a7600000, 0x00000000a7600000| Untracked 
|  91|0x00000000a7700000, 0x00000000a7700000, 0x00000000a7800000|  0%| F|  |TAMS 0x00000000a7700000, 0x00000000a7700000| Untracked 
|  92|0x00000000a7800000, 0x00000000a7800000, 0x00000000a7900000|  0%| F|  |TAMS 0x00000000a7800000, 0x00000000a7800000| Untracked 
|  93|0x00000000a7900000, 0x00000000a7900000, 0x00000000a7a00000|  0%| F|  |TAMS 0x00000000a7900000, 0x00000000a7900000| Untracked 
|  94|0x00000000a7a00000, 0x00000000a7a00000, 0x00000000a7b00000|  0%| F|  |TAMS 0x00000000a7a00000, 0x00000000a7a00000| Untracked 
|  95|0x00000000a7b00000, 0x00000000a7c00000, 0x00000000a7c00000|100%| S|CS|TAMS 0x00000000a7b00000, 0x00000000a7b00000| Complete 
|  96|0x00000000a7c00000, 0x00000000a7d00000, 0x00000000a7d00000|100%| S|CS|TAMS 0x00000000a7c00000, 0x00000000a7c00000| Complete 
|  97|0x00000000a7d00000, 0x00000000a7e00000, 0x00000000a7e00000|100%| S|CS|TAMS 0x00000000a7d00000, 0x00000000a7d00000| Complete 
|  98|0x00000000a7e00000, 0x00000000a7e00000, 0x00000000a7f00000|  0%| F|  |TAMS 0x00000000a7e00000, 0x00000000a7e00000| Untracked 
|  99|0x00000000a7f00000, 0x00000000a7f00000, 0x00000000a8000000|  0%| F|  |TAMS 0x00000000a7f00000, 0x00000000a7f00000| Untracked 
| 100|0x00000000a8000000, 0x00000000a8000000, 0x00000000a8100000|  0%| F|  |TAMS 0x00000000a8000000, 0x00000000a8000000| Untracked 
| 101|0x00000000a8100000, 0x00000000a8200000, 0x00000000a8200000|100%| S|CS|TAMS 0x00000000a8100000, 0x00000000a8100000| Complete 
| 102|0x00000000a8200000, 0x00000000a8300000, 0x00000000a8300000|100%| S|CS|TAMS 0x00000000a8200000, 0x00000000a8200000| Complete 
| 103|0x00000000a8300000, 0x00000000a8400000, 0x00000000a8400000|100%| S|CS|TAMS 0x00000000a8300000, 0x00000000a8300000| Complete 
| 104|0x00000000a8400000, 0x00000000a8500000, 0x00000000a8500000|100%| S|CS|TAMS 0x00000000a8400000, 0x00000000a8400000| Complete 
| 105|0x00000000a8500000, 0x00000000a8600000, 0x00000000a8600000|100%| S|CS|TAMS 0x00000000a8500000, 0x00000000a8500000| Complete 
| 106|0x00000000a8600000, 0x00000000a8700000, 0x00000000a8700000|100%| S|CS|TAMS 0x00000000a8600000, 0x00000000a8600000| Complete 
| 107|0x00000000a8700000, 0x00000000a8700000, 0x00000000a8800000|  0%| F|  |TAMS 0x00000000a8700000, 0x00000000a8700000| Untracked 
| 108|0x00000000a8800000, 0x00000000a8800000, 0x00000000a8900000|  0%| F|  |TAMS 0x00000000a8800000, 0x00000000a8800000| Untracked 
| 109|0x00000000a8900000, 0x00000000a8900000, 0x00000000a8a00000|  0%| F|  |TAMS 0x00000000a8900000, 0x00000000a8900000| Untracked 
| 110|0x00000000a8a00000, 0x00000000a8a00000, 0x00000000a8b00000|  0%| F|  |TAMS 0x00000000a8a00000, 0x00000000a8a00000| Untracked 
| 111|0x00000000a8b00000, 0x00000000a8b00000, 0x00000000a8c00000|  0%| F|  |TAMS 0x00000000a8b00000, 0x00000000a8b00000| Untracked 
| 112|0x00000000a8c00000, 0x00000000a8c00000, 0x00000000a8d00000|  0%| F|  |TAMS 0x00000000a8c00000, 0x00000000a8c00000| Untracked 
| 113|0x00000000a8d00000, 0x00000000a8d00000, 0x00000000a8e00000|  0%| F|  |TAMS 0x00000000a8d00000, 0x00000000a8d00000| Untracked 
| 114|0x00000000a8e00000, 0x00000000a8e00000, 0x00000000a8f00000|  0%| F|  |TAMS 0x00000000a8e00000, 0x00000000a8e00000| Untracked 
| 115|0x00000000a8f00000, 0x00000000a8f00000, 0x00000000a9000000|  0%| F|  |TAMS 0x00000000a8f00000, 0x00000000a8f00000| Untracked 
| 116|0x00000000a9000000, 0x00000000a9000000, 0x00000000a9100000|  0%| F|  |TAMS 0x00000000a9000000, 0x00000000a9000000| Untracked 
| 117|0x00000000a9100000, 0x00000000a9100000, 0x00000000a9200000|  0%| F|  |TAMS 0x00000000a9100000, 0x00000000a9100000| Untracked 
| 118|0x00000000a9200000, 0x00000000a9200000, 0x00000000a9300000|  0%| F|  |TAMS 0x00000000a9200000, 0x00000000a9200000| Untracked 
| 119|0x00000000a9300000, 0x00000000a9300000, 0x00000000a9400000|  0%| F|  |TAMS 0x00000000a9300000, 0x00000000a9300000| Untracked 
| 120|0x00000000a9400000, 0x00000000a9400000, 0x00000000a9500000|  0%| F|  |TAMS 0x00000000a9400000, 0x00000000a9400000| Untracked 
| 121|0x00000000a9500000, 0x00000000a9500000, 0x00000000a9600000|  0%| F|  |TAMS 0x00000000a9500000, 0x00000000a9500000| Untracked 
| 122|0x00000000a9600000, 0x00000000a9600000, 0x00000000a9700000|  0%| F|  |TAMS 0x00000000a9600000, 0x00000000a9600000| Untracked 
| 123|0x00000000a9700000, 0x00000000a9700000, 0x00000000a9800000|  0%| F|  |TAMS 0x00000000a9700000, 0x00000000a9700000| Untracked 
| 124|0x00000000a9800000, 0x00000000a9800000, 0x00000000a9900000|  0%| F|  |TAMS 0x00000000a9800000, 0x00000000a9800000| Untracked 
| 125|0x00000000a9900000, 0x00000000a9900000, 0x00000000a9a00000|  0%| F|  |TAMS 0x00000000a9900000, 0x00000000a9900000| Untracked 
| 126|0x00000000a9a00000, 0x00000000a9a00000, 0x00000000a9b00000|  0%| F|  |TAMS 0x00000000a9a00000, 0x00000000a9a00000| Untracked 
| 127|0x00000000a9b00000, 0x00000000a9b00000, 0x00000000a9c00000|  0%| F|  |TAMS 0x00000000a9b00000, 0x00000000a9b00000| Untracked 
| 128|0x00000000a9c00000, 0x00000000a9c00000, 0x00000000a9d00000|  0%| F|  |TAMS 0x00000000a9c00000, 0x00000000a9c00000| Untracked 
| 129|0x00000000a9d00000, 0x00000000a9d00000, 0x00000000a9e00000|  0%| F|  |TAMS 0x00000000a9d00000, 0x00000000a9d00000| Untracked 
| 130|0x00000000a9e00000, 0x00000000a9e00000, 0x00000000a9f00000|  0%| F|  |TAMS 0x00000000a9e00000, 0x00000000a9e00000| Untracked 
| 131|0x00000000a9f00000, 0x00000000a9f00000, 0x00000000aa000000|  0%| F|  |TAMS 0x00000000a9f00000, 0x00000000a9f00000| Untracked 
| 132|0x00000000aa000000, 0x00000000aa000000, 0x00000000aa100000|  0%| F|  |TAMS 0x00000000aa000000, 0x00000000aa000000| Untracked 
| 133|0x00000000aa100000, 0x00000000aa100000, 0x00000000aa200000|  0%| F|  |TAMS 0x00000000aa100000, 0x00000000aa100000| Untracked 
| 134|0x00000000aa200000, 0x00000000aa200000, 0x00000000aa300000|  0%| F|  |TAMS 0x00000000aa200000, 0x00000000aa200000| Untracked 
| 135|0x00000000aa300000, 0x00000000aa300000, 0x00000000aa400000|  0%| F|  |TAMS 0x00000000aa300000, 0x00000000aa300000| Untracked 
| 136|0x00000000aa400000, 0x00000000aa400000, 0x00000000aa500000|  0%| F|  |TAMS 0x00000000aa400000, 0x00000000aa400000| Untracked 
| 137|0x00000000aa500000, 0x00000000aa500000, 0x00000000aa600000|  0%| F|  |TAMS 0x00000000aa500000, 0x00000000aa500000| Untracked 
| 138|0x00000000aa600000, 0x00000000aa600000, 0x00000000aa700000|  0%| F|  |TAMS 0x00000000aa600000, 0x00000000aa600000| Untracked 
| 139|0x00000000aa700000, 0x00000000aa700000, 0x00000000aa800000|  0%| F|  |TAMS 0x00000000aa700000, 0x00000000aa700000| Untracked 
| 140|0x00000000aa800000, 0x00000000aa800000, 0x00000000aa900000|  0%| F|  |TAMS 0x00000000aa800000, 0x00000000aa800000| Untracked 
| 141|0x00000000aa900000, 0x00000000aa900000, 0x00000000aaa00000|  0%| F|  |TAMS 0x00000000aa900000, 0x00000000aa900000| Untracked 
| 142|0x00000000aaa00000, 0x00000000aaa00000, 0x00000000aab00000|  0%| F|  |TAMS 0x00000000aaa00000, 0x00000000aaa00000| Untracked 
| 143|0x00000000aab00000, 0x00000000aab00000, 0x00000000aac00000|  0%| F|  |TAMS 0x00000000aab00000, 0x00000000aab00000| Untracked 
| 144|0x00000000aac00000, 0x00000000aac00000, 0x00000000aad00000|  0%| F|  |TAMS 0x00000000aac00000, 0x00000000aac00000| Untracked 
| 145|0x00000000aad00000, 0x00000000aad00000, 0x00000000aae00000|  0%| F|  |TAMS 0x00000000aad00000, 0x00000000aad00000| Untracked 
| 146|0x00000000aae00000, 0x00000000aae00000, 0x00000000aaf00000|  0%| F|  |TAMS 0x00000000aae00000, 0x00000000aae00000| Untracked 
| 147|0x00000000aaf00000, 0x00000000aaf00000, 0x00000000ab000000|  0%| F|  |TAMS 0x00000000aaf00000, 0x00000000aaf00000| Untracked 
| 148|0x00000000ab000000, 0x00000000ab000000, 0x00000000ab100000|  0%| F|  |TAMS 0x00000000ab000000, 0x00000000ab000000| Untracked 
| 149|0x00000000ab100000, 0x00000000ab100000, 0x00000000ab200000|  0%| F|  |TAMS 0x00000000ab100000, 0x00000000ab100000| Untracked 
| 150|0x00000000ab200000, 0x00000000ab200000, 0x00000000ab300000|  0%| F|  |TAMS 0x00000000ab200000, 0x00000000ab200000| Untracked 
| 151|0x00000000ab300000, 0x00000000ab300000, 0x00000000ab400000|  0%| F|  |TAMS 0x00000000ab300000, 0x00000000ab300000| Untracked 
| 152|0x00000000ab400000, 0x00000000ab400000, 0x00000000ab500000|  0%| F|  |TAMS 0x00000000ab400000, 0x00000000ab400000| Untracked 
| 153|0x00000000ab500000, 0x00000000ab500000, 0x00000000ab600000|  0%| F|  |TAMS 0x00000000ab500000, 0x00000000ab500000| Untracked 
| 154|0x00000000ab600000, 0x00000000ab600000, 0x00000000ab700000|  0%| F|  |TAMS 0x00000000ab600000, 0x00000000ab600000| Untracked 
| 155|0x00000000ab700000, 0x00000000ab700000, 0x00000000ab800000|  0%| F|  |TAMS 0x00000000ab700000, 0x00000000ab700000| Untracked 
| 156|0x00000000ab800000, 0x00000000ab800000, 0x00000000ab900000|  0%| F|  |TAMS 0x00000000ab800000, 0x00000000ab800000| Untracked 
| 157|0x00000000ab900000, 0x00000000ab900000, 0x00000000aba00000|  0%| F|  |TAMS 0x00000000ab900000, 0x00000000ab900000| Untracked 
| 158|0x00000000aba00000, 0x00000000aba00000, 0x00000000abb00000|  0%| F|  |TAMS 0x00000000aba00000, 0x00000000aba00000| Untracked 
| 159|0x00000000abb00000, 0x00000000abb00000, 0x00000000abc00000|  0%| F|  |TAMS 0x00000000abb00000, 0x00000000abb00000| Untracked 
| 160|0x00000000abc00000, 0x00000000abc00000, 0x00000000abd00000|  0%| F|  |TAMS 0x00000000abc00000, 0x00000000abc00000| Untracked 
| 161|0x00000000abd00000, 0x00000000abd00000, 0x00000000abe00000|  0%| F|  |TAMS 0x00000000abd00000, 0x00000000abd00000| Untracked 
| 162|0x00000000abe00000, 0x00000000abe00000, 0x00000000abf00000|  0%| F|  |TAMS 0x00000000abe00000, 0x00000000abe00000| Untracked 
| 163|0x00000000abf00000, 0x00000000abf00000, 0x00000000ac000000|  0%| F|  |TAMS 0x00000000abf00000, 0x00000000abf00000| Untracked 
| 164|0x00000000ac000000, 0x00000000ac000000, 0x00000000ac100000|  0%| F|  |TAMS 0x00000000ac000000, 0x00000000ac000000| Untracked 
| 165|0x00000000ac100000, 0x00000000ac100000, 0x00000000ac200000|  0%| F|  |TAMS 0x00000000ac100000, 0x00000000ac100000| Untracked 
| 166|0x00000000ac200000, 0x00000000ac200000, 0x00000000ac300000|  0%| F|  |TAMS 0x00000000ac200000, 0x00000000ac200000| Untracked 
| 167|0x00000000ac300000, 0x00000000ac300000, 0x00000000ac400000|  0%| F|  |TAMS 0x00000000ac300000, 0x00000000ac300000| Untracked 
| 168|0x00000000ac400000, 0x00000000ac400000, 0x00000000ac500000|  0%| F|  |TAMS 0x00000000ac400000, 0x00000000ac400000| Untracked 
| 169|0x00000000ac500000, 0x00000000ac500000, 0x00000000ac600000|  0%| F|  |TAMS 0x00000000ac500000, 0x00000000ac500000| Untracked 
| 170|0x00000000ac600000, 0x00000000ac600000, 0x00000000ac700000|  0%| F|  |TAMS 0x00000000ac600000, 0x00000000ac600000| Untracked 
| 171|0x00000000ac700000, 0x00000000ac700000, 0x00000000ac800000|  0%| F|  |TAMS 0x00000000ac700000, 0x00000000ac700000| Untracked 
| 172|0x00000000ac800000, 0x00000000ac800000, 0x00000000ac900000|  0%| F|  |TAMS 0x00000000ac800000, 0x00000000ac800000| Untracked 
| 173|0x00000000ac900000, 0x00000000ac900000, 0x00000000aca00000|  0%| F|  |TAMS 0x00000000ac900000, 0x00000000ac900000| Untracked 
| 174|0x00000000aca00000, 0x00000000aca00000, 0x00000000acb00000|  0%| F|  |TAMS 0x00000000aca00000, 0x00000000aca00000| Untracked 
| 175|0x00000000acb00000, 0x00000000acb00000, 0x00000000acc00000|  0%| F|  |TAMS 0x00000000acb00000, 0x00000000acb00000| Untracked 
| 176|0x00000000acc00000, 0x00000000acc00000, 0x00000000acd00000|  0%| F|  |TAMS 0x00000000acc00000, 0x00000000acc00000| Untracked 
| 177|0x00000000acd00000, 0x00000000acd00000, 0x00000000ace00000|  0%| F|  |TAMS 0x00000000acd00000, 0x00000000acd00000| Untracked 
| 178|0x00000000ace00000, 0x00000000ace00000, 0x00000000acf00000|  0%| F|  |TAMS 0x00000000ace00000, 0x00000000ace00000| Untracked 
| 179|0x00000000acf00000, 0x00000000acf00000, 0x00000000ad000000|  0%| F|  |TAMS 0x00000000acf00000, 0x00000000acf00000| Untracked 
| 180|0x00000000ad000000, 0x00000000ad000000, 0x00000000ad100000|  0%| F|  |TAMS 0x00000000ad000000, 0x00000000ad000000| Untracked 
| 181|0x00000000ad100000, 0x00000000ad100000, 0x00000000ad200000|  0%| F|  |TAMS 0x00000000ad100000, 0x00000000ad100000| Untracked 
| 182|0x00000000ad200000, 0x00000000ad200000, 0x00000000ad300000|  0%| F|  |TAMS 0x00000000ad200000, 0x00000000ad200000| Untracked 
| 183|0x00000000ad300000, 0x00000000ad300000, 0x00000000ad400000|  0%| F|  |TAMS 0x00000000ad300000, 0x00000000ad300000| Untracked 
| 184|0x00000000ad400000, 0x00000000ad400000, 0x00000000ad500000|  0%| F|  |TAMS 0x00000000ad400000, 0x00000000ad400000| Untracked 
| 185|0x00000000ad500000, 0x00000000ad500000, 0x00000000ad600000|  0%| F|  |TAMS 0x00000000ad500000, 0x00000000ad500000| Untracked 
| 186|0x00000000ad600000, 0x00000000ad600000, 0x00000000ad700000|  0%| F|  |TAMS 0x00000000ad600000, 0x00000000ad600000| Untracked 
| 187|0x00000000ad700000, 0x00000000ad700000, 0x00000000ad800000|  0%| F|  |TAMS 0x00000000ad700000, 0x00000000ad700000| Untracked 
| 188|0x00000000ad800000, 0x00000000ad800000, 0x00000000ad900000|  0%| F|  |TAMS 0x00000000ad800000, 0x00000000ad800000| Untracked 
| 189|0x00000000ad900000, 0x00000000ad900000, 0x00000000ada00000|  0%| F|  |TAMS 0x00000000ad900000, 0x00000000ad900000| Untracked 
| 190|0x00000000ada00000, 0x00000000ada00000, 0x00000000adb00000|  0%| F|  |TAMS 0x00000000ada00000, 0x00000000ada00000| Untracked 
| 191|0x00000000adb00000, 0x00000000adb00000, 0x00000000adc00000|  0%| F|  |TAMS 0x00000000adb00000, 0x00000000adb00000| Untracked 
| 192|0x00000000adc00000, 0x00000000adc00000, 0x00000000add00000|  0%| F|  |TAMS 0x00000000adc00000, 0x00000000adc00000| Untracked 
| 193|0x00000000add00000, 0x00000000add00000, 0x00000000ade00000|  0%| F|  |TAMS 0x00000000add00000, 0x00000000add00000| Untracked 
| 194|0x00000000ade00000, 0x00000000ade00000, 0x00000000adf00000|  0%| F|  |TAMS 0x00000000ade00000, 0x00000000ade00000| Untracked 
| 195|0x00000000adf00000, 0x00000000adf00000, 0x00000000ae000000|  0%| F|  |TAMS 0x00000000adf00000, 0x00000000adf00000| Untracked 
| 196|0x00000000ae000000, 0x00000000ae000000, 0x00000000ae100000|  0%| F|  |TAMS 0x00000000ae000000, 0x00000000ae000000| Untracked 
| 197|0x00000000ae100000, 0x00000000ae100000, 0x00000000ae200000|  0%| F|  |TAMS 0x00000000ae100000, 0x00000000ae100000| Untracked 
| 198|0x00000000ae200000, 0x00000000ae200000, 0x00000000ae300000|  0%| F|  |TAMS 0x00000000ae200000, 0x00000000ae200000| Untracked 
| 199|0x00000000ae300000, 0x00000000ae300000, 0x00000000ae400000|  0%| F|  |TAMS 0x00000000ae300000, 0x00000000ae300000| Untracked 
| 200|0x00000000ae400000, 0x00000000ae400000, 0x00000000ae500000|  0%| F|  |TAMS 0x00000000ae400000, 0x00000000ae400000| Untracked 
| 201|0x00000000ae500000, 0x00000000ae500000, 0x00000000ae600000|  0%| F|  |TAMS 0x00000000ae500000, 0x00000000ae500000| Untracked 
| 202|0x00000000ae600000, 0x00000000ae600000, 0x00000000ae700000|  0%| F|  |TAMS 0x00000000ae600000, 0x00000000ae600000| Untracked 
| 203|0x00000000ae700000, 0x00000000ae700000, 0x00000000ae800000|  0%| F|  |TAMS 0x00000000ae700000, 0x00000000ae700000| Untracked 

Card table byte_map: [0x0000026059de0000,0x000002605a0e0000] _byte_map_base: 0x00000260598d2000

Marking Bits (Prev, Next): (CMBitMap*) 0x00000260541a7320, (CMBitMap*) 0x00000260541a72e0
 Prev Bits: [0x000002605bb70000, 0x000002605d300000)
 Next Bits: [0x000002605a3e0000, 0x000002605bb70000)

Polling page: 0x0000026051ff0000

Metaspace:

Usage:
  Non-class:     37.52 MB used.
      Class:      5.28 MB used.
       Both:     42.80 MB used.

Virtual space:
  Non-class space:       40.00 MB reserved,      37.69 MB ( 94%) committed,  5 nodes.
      Class space:        1.00 GB reserved,       5.44 MB ( <1%) committed,  1 nodes.
             Both:        1.04 GB reserved,      43.12 MB (  4%) committed. 

Chunk freelists:
   Non-Class:  1.84 MB
       Class:  2.41 MB
        Both:  4.26 MB

MaxMetaspaceSize: unlimited
CompressedClassSpaceSize: 1.00 GB
Initial GC threshold: 21.00 MB
Current GC threshold: 68.25 MB
CDS: off
MetaspaceReclaimPolicy: balanced
 - commit_granule_bytes: 65536.
 - commit_granule_words: 8192.
 - virtual_space_node_default_size: 1048576.
 - enlarge_chunks_in_place: 1.
 - new_chunks_are_fully_committed: 0.
 - uncommit_free_chunks: 1.
 - use_allocation_guard: 0.
 - handle_deallocations: 1.


Internal statistics:

num_allocs_failed_limit: 5.
num_arena_births: 352.
num_arena_deaths: 0.
num_vsnodes_births: 6.
num_vsnodes_deaths: 0.
num_space_committed: 690.
num_space_uncommitted: 0.
num_chunks_returned_to_freelist: 5.
num_chunks_taken_from_freelist: 1648.
num_chunk_merges: 5.
num_chunk_splits: 1184.
num_chunks_enlarged: 949.
num_purges: 0.
num_inconsistent_stats: 0.

CodeCache: size=49152Kb used=8892Kb max_used=8980Kb free=40259Kb
 bounds [0x0000026056de0000, 0x00000260576b0000, 0x0000026059de0000]
 total_blobs=4814 nmethods=4248 adapters=492
 compilation: enabled
              stopped_count=0, restarted_count=0
 full_count=0

Compilation events (20 events):
Event: 27.543 Thread 0x0000026060514a00 4240       1       com.google.gson.stream.JsonWriter::name (53 bytes)
Event: 27.543 Thread 0x000002605f91ded0 4241       1       java.nio.ByteBuffer::array (35 bytes)
Event: 27.544 Thread 0x0000026060514a00 nmethod 4240 0x00000260570b5e90 code [0x00000260570b6060, 0x00000260570b6348]
Event: 27.544 Thread 0x000002605f91ded0 nmethod 4241 0x00000260570b5990 code [0x00000260570b5b40, 0x00000260570b5d58]
Event: 27.544 Thread 0x0000026060514a00 4242       1       java.nio.charset.CoderResult::isOverflow (14 bytes)
Event: 27.544 Thread 0x0000026060514a00 nmethod 4242 0x00000260570b5690 code [0x00000260570b5820, 0x00000260570b58f8]
Event: 27.545 Thread 0x0000026060514a00 4243       1       com.google.gson.JsonObject::add (21 bytes)
Event: 27.545 Thread 0x000002605f91ded0 4244       1       java.nio.ByteBuffer::hasArray (20 bytes)
Event: 27.545 Thread 0x0000026060514a00 nmethod 4243 0x00000260570b5190 code [0x00000260570b5340, 0x00000260570b5558]
Event: 27.546 Thread 0x000002605f91ded0 nmethod 4244 0x00000260570b4e90 code [0x00000260570b5020, 0x00000260570b5118]
Event: 27.627 Thread 0x000002605f91ded0 4245       1       io.github.classgraph.InfoList::<init> (5 bytes)
Event: 27.627 Thread 0x0000026060514a00 4246       1       io.github.classgraph.PotentiallyUnmodifiableList::<init> (10 bytes)
Event: 27.627 Thread 0x000002605f91ded0 nmethod 4245 0x00000260570b4b10 code [0x00000260570b4ca0, 0x00000260570b4dd8]
Event: 27.627 Thread 0x0000026060514a00 nmethod 4246 0x00000260570b4790 code [0x00000260570b4920, 0x00000260570b4a58]
Event: 27.627 Thread 0x0000026060514a00 4247       1       io.github.classgraph.InfoList::iterator (5 bytes)
Event: 27.627 Thread 0x000002605f91ded0 4248       1       io.github.classgraph.PotentiallyUnmodifiableList::iterator (15 bytes)
Event: 27.628 Thread 0x0000026060514a00 nmethod 4247 0x00000260570b4290 code [0x00000260570b4420, 0x00000260570b46b8]
Event: 27.628 Thread 0x000002605f91ded0 nmethod 4248 0x00000260570b3d90 code [0x00000260570b3f20, 0x00000260570b41b8]
Event: 27.628 Thread 0x0000026060514a00 4249       1       io.github.classgraph.PotentiallyUnmodifiableList$1::<init> (15 bytes)
Event: 27.628 Thread 0x0000026060514a00 nmethod 4249 0x00000260570b3a10 code [0x00000260570b3ba0, 0x00000260570b3cf8]

GC Heap History (20 events):
Event: 25.331 GC heap after
{Heap after GC invocations=19 (full 0):
 garbage-first heap   total 94208K, used 49928K [0x00000000a1c00000, 0x0000000100000000)
  region size 1024K, 4 young (4096K), 4 survivors (4096K)
 Metaspace       used 37629K, committed 38016K, reserved 1089536K
  class space    used 4778K, committed 4992K, reserved 1048576K
}
Event: 25.985 GC heap before
{Heap before GC invocations=20 (full 0):
 garbage-first heap   total 96256K, used 68360K [0x00000000a1c00000, 0x0000000100000000)
  region size 1024K, 20 young (20480K), 4 survivors (4096K)
 Metaspace       used 39406K, committed 39744K, reserved 1089536K
  class space    used 4898K, committed 5056K, reserved 1048576K
}
Event: 25.989 GC heap after
{Heap after GC invocations=21 (full 0):
 garbage-first heap   total 96256K, used 55079K [0x00000000a1c00000, 0x0000000100000000)
  region size 1024K, 3 young (3072K), 3 survivors (3072K)
 Metaspace       used 39406K, committed 39744K, reserved 1089536K
  class space    used 4898K, committed 5056K, reserved 1048576K
}
Event: 26.261 GC heap before
{Heap before GC invocations=21 (full 0):
 garbage-first heap   total 96256K, used 69415K [0x00000000a1c00000, 0x0000000100000000)
  region size 1024K, 18 young (18432K), 3 survivors (3072K)
 Metaspace       used 40927K, committed 41280K, reserved 1089536K
  class space    used 5065K, committed 5248K, reserved 1048576K
}
Event: 26.264 GC heap after
{Heap after GC invocations=22 (full 0):
 garbage-first heap   total 96256K, used 55770K [0x00000000a1c00000, 0x0000000100000000)
  region size 1024K, 1 young (1024K), 1 survivors (1024K)
 Metaspace       used 40927K, committed 41280K, reserved 1089536K
  class space    used 5065K, committed 5248K, reserved 1048576K
}
Event: 26.352 GC heap before
{Heap before GC invocations=22 (full 0):
 garbage-first heap   total 96256K, used 71130K [0x00000000a1c00000, 0x0000000100000000)
  region size 1024K, 17 young (17408K), 1 survivors (1024K)
 Metaspace       used 41232K, committed 41600K, reserved 1089536K
  class space    used 5107K, committed 5248K, reserved 1048576K
}
Event: 26.356 GC heap after
{Heap after GC invocations=23 (full 0):
 garbage-first heap   total 96256K, used 56443K [0x00000000a1c00000, 0x0000000100000000)
  region size 1024K, 2 young (2048K), 2 survivors (2048K)
 Metaspace       used 41232K, committed 41600K, reserved 1089536K
  class space    used 5107K, committed 5248K, reserved 1048576K
}
Event: 26.404 GC heap before
{Heap before GC invocations=23 (full 0):
 garbage-first heap   total 96256K, used 71803K [0x00000000a1c00000, 0x0000000100000000)
  region size 1024K, 18 young (18432K), 2 survivors (2048K)
 Metaspace       used 41484K, committed 41856K, reserved 1089536K
  class space    used 5141K, committed 5312K, reserved 1048576K
}
Event: 26.407 GC heap after
{Heap after GC invocations=24 (full 0):
 garbage-first heap   total 96256K, used 57279K [0x00000000a1c00000, 0x0000000100000000)
  region size 1024K, 3 young (3072K), 3 survivors (3072K)
 Metaspace       used 41484K, committed 41856K, reserved 1089536K
  class space    used 5141K, committed 5312K, reserved 1048576K
}
Event: 26.464 GC heap before
{Heap before GC invocations=24 (full 0):
 garbage-first heap   total 104448K, used 73663K [0x00000000a1c00000, 0x0000000100000000)
  region size 1024K, 20 young (20480K), 3 survivors (3072K)
 Metaspace       used 41575K, committed 41920K, reserved 1089536K
  class space    used 5153K, committed 5312K, reserved 1048576K
}
Event: 26.469 GC heap after
{Heap after GC invocations=25 (full 0):
 garbage-first heap   total 208896K, used 58361K [0x00000000a1c00000, 0x0000000100000000)
  region size 1024K, 2 young (2048K), 2 survivors (2048K)
 Metaspace       used 41575K, committed 41920K, reserved 1089536K
  class space    used 5153K, committed 5312K, reserved 1048576K
}
Event: 26.807 GC heap before
{Heap before GC invocations=26 (full 0):
 garbage-first heap   total 208896K, used 124921K [0x00000000a1c00000, 0x0000000100000000)
  region size 1024K, 68 young (69632K), 2 survivors (2048K)
 Metaspace       used 42083K, committed 42432K, reserved 1089536K
  class space    used 5213K, committed 5376K, reserved 1048576K
}
Event: 26.815 GC heap after
{Heap after GC invocations=27 (full 0):
 garbage-first heap   total 208896K, used 61456K [0x00000000a1c00000, 0x0000000100000000)
  region size 1024K, 5 young (5120K), 5 survivors (5120K)
 Metaspace       used 42083K, committed 42432K, reserved 1089536K
  class space    used 5213K, committed 5376K, reserved 1048576K
}
Event: 26.829 GC heap before
{Heap before GC invocations=27 (full 0):
 garbage-first heap   total 208896K, used 65552K [0x00000000a1c00000, 0x0000000100000000)
  region size 1024K, 10 young (10240K), 5 survivors (5120K)
 Metaspace       used 42085K, committed 42432K, reserved 1089536K
  class space    used 5213K, committed 5376K, reserved 1048576K
}
Event: 26.835 GC heap after
{Heap after GC invocations=28 (full 0):
 garbage-first heap   total 208896K, used 61799K [0x00000000a1c00000, 0x0000000100000000)
  region size 1024K, 1 young (1024K), 1 survivors (1024K)
 Metaspace       used 42085K, committed 42432K, reserved 1089536K
  class space    used 5213K, committed 5376K, reserved 1048576K
}
Event: 27.129 GC heap before
{Heap before GC invocations=28 (full 0):
 garbage-first heap   total 208896K, used 159079K [0x00000000a1c00000, 0x0000000100000000)
  region size 1024K, 97 young (99328K), 1 survivors (1024K)
 Metaspace       used 42538K, committed 42944K, reserved 1089536K
  class space    used 5256K, committed 5440K, reserved 1048576K
}
Event: 27.138 GC heap after
{Heap after GC invocations=29 (full 0):
 garbage-first heap   total 208896K, used 66658K [0x00000000a1c00000, 0x0000000100000000)
  region size 1024K, 6 young (6144K), 6 survivors (6144K)
 Metaspace       used 42538K, committed 42944K, reserved 1089536K
  class space    used 5256K, committed 5440K, reserved 1048576K
}
Event: 27.414 GC heap before
{Heap before GC invocations=29 (full 0):
 garbage-first heap   total 208896K, used 157794K [0x00000000a1c00000, 0x0000000100000000)
  region size 1024K, 96 young (98304K), 6 survivors (6144K)
 Metaspace       used 43501K, committed 43840K, reserved 1089536K
  class space    used 5355K, committed 5504K, reserved 1048576K
}
Event: 27.423 GC heap after
{Heap after GC invocations=30 (full 0):
 garbage-first heap   total 208896K, used 71074K [0x00000000a1c00000, 0x0000000100000000)
  region size 1024K, 10 young (10240K), 10 survivors (10240K)
 Metaspace       used 43501K, committed 43840K, reserved 1089536K
  class space    used 5355K, committed 5504K, reserved 1048576K
}
Event: 27.676 GC heap before
{Heap before GC invocations=30 (full 0):
 garbage-first heap   total 208896K, used 162210K [0x00000000a1c00000, 0x0000000100000000)
  region size 1024K, 100 young (102400K), 10 survivors (10240K)
 Metaspace       used 43826K, committed 44160K, reserved 1089536K
  class space    used 5406K, committed 5568K, reserved 1048576K
}

Deoptimization events (20 events):
Event: 21.248 Thread 0x000002605415cae0 DEOPT PACKING pc=0x0000026057359075 sp=0x0000007e8d9fd0d0
Event: 21.248 Thread 0x000002605415cae0 DEOPT UNPACKING pc=0x0000026056e32b43 sp=0x0000007e8d9fc540 mode 3
Event: 22.868 Thread 0x000002605415cae0 DEOPT PACKING pc=0x00000260573f4e19 sp=0x0000007e8d9fc970
Event: 22.868 Thread 0x000002605415cae0 DEOPT UNPACKING pc=0x0000026056e32b43 sp=0x0000007e8d9fbe50 mode 3
Event: 23.011 Thread 0x0000026061eebff0 DEOPT PACKING pc=0x0000026057445eab sp=0x0000007e8f1fe830
Event: 23.011 Thread 0x0000026061eebff0 DEOPT UNPACKING pc=0x0000026056e32b43 sp=0x0000007e8f1fdd78 mode 3
Event: 23.727 Thread 0x0000026061f58510 DEOPT PACKING pc=0x0000026057296581 sp=0x0000007e8f7feef0
Event: 23.727 Thread 0x0000026061f58510 DEOPT UNPACKING pc=0x0000026056e32b43 sp=0x0000007e8f7fe380 mode 3
Event: 23.931 Thread 0x0000026062074f00 DEOPT PACKING pc=0x000002605757efb5 sp=0x0000007e8fdfdab0
Event: 23.931 Thread 0x0000026062074f00 DEOPT UNPACKING pc=0x0000026056e32b43 sp=0x0000007e8fdfcfd8 mode 3
Event: 24.271 Thread 0x0000026062074f00 DEOPT PACKING pc=0x00000260573ba1b4 sp=0x0000007e8fdf8bc0
Event: 24.271 Thread 0x0000026062074f00 DEOPT UNPACKING pc=0x0000026056e32b43 sp=0x0000007e8fdf8040 mode 3
Event: 24.625 Thread 0x0000026061f58040 DEOPT PACKING pc=0x0000026057290697 sp=0x0000007e8f6feff0
Event: 24.625 Thread 0x0000026061f58040 DEOPT UNPACKING pc=0x0000026056e32b43 sp=0x0000007e8f6fe448 mode 3
Event: 24.674 Thread 0x000002606201cbf0 DEOPT PACKING pc=0x00000260575b8fec sp=0x0000007e8f4feac0
Event: 24.674 Thread 0x000002606201cbf0 DEOPT UNPACKING pc=0x0000026056e32b43 sp=0x0000007e8f4fdf40 mode 0
Event: 26.827 Thread 0x0000026062074090 DEOPT PACKING pc=0x00000260570edeea sp=0x0000007e902fe480
Event: 26.827 Thread 0x0000026062074090 DEOPT UNPACKING pc=0x0000026056e32b43 sp=0x0000007e902fd940 mode 3
Event: 27.454 Thread 0x0000026062074090 DEOPT PACKING pc=0x00000260570c77db sp=0x0000007e902fcf90
Event: 27.454 Thread 0x0000026062074090 DEOPT UNPACKING pc=0x0000026056e32b43 sp=0x0000007e902fc428 mode 3

Classes unloaded (0 events):
No events

Classes redefined (0 events):
No events

Internal exceptions (20 events):
Event: 27.549 Thread 0x0000026062074560 Exception <a 'sun/nio/fs/WindowsException'{0x00000000ac1f39e0}> (0x00000000ac1f39e0) 
thrown [e:\jenkins\tmp\workspace\build\src\src\hotspot\share\prims\jni.cpp, line 516]
Event: 27.549 Thread 0x0000026062074560 Exception <a 'sun/nio/fs/WindowsException'{0x00000000ac1f3e70}> (0x00000000ac1f3e70) 
thrown [e:\jenkins\tmp\workspace\build\src\src\hotspot\share\prims\jni.cpp, line 516]
Event: 27.549 Thread 0x000002606201cbf0 Exception <a 'sun/nio/fs/WindowsException'{0x00000000ac0565b8}> (0x00000000ac0565b8) 
thrown [e:\jenkins\tmp\workspace\build\src\src\hotspot\share\prims\jni.cpp, line 516]
Event: 27.549 Thread 0x000002606201cbf0 Exception <a 'sun/nio/fs/WindowsException'{0x00000000ac056a30}> (0x00000000ac056a30) 
thrown [e:\jenkins\tmp\workspace\build\src\src\hotspot\share\prims\jni.cpp, line 516]
Event: 27.551 Thread 0x0000026061fd60d0 Exception <a 'sun/nio/fs/WindowsException'{0x00000000ac0f6e58}> (0x00000000ac0f6e58) 
thrown [e:\jenkins\tmp\workspace\build\src\src\hotspot\share\prims\jni.cpp, line 516]
Event: 27.552 Thread 0x0000026061fd60d0 Exception <a 'sun/nio/fs/WindowsException'{0x00000000ac0f72b8}> (0x00000000ac0f72b8) 
thrown [e:\jenkins\tmp\workspace\build\src\src\hotspot\share\prims\jni.cpp, line 516]
Event: 27.554 Thread 0x0000026062074560 Exception <a 'sun/nio/fs/WindowsException'{0x00000000abfa05a8}> (0x00000000abfa05a8) 
thrown [e:\jenkins\tmp\workspace\build\src\src\hotspot\share\prims\jni.cpp, line 516]
Event: 27.554 Thread 0x0000026062074560 Exception <a 'sun/nio/fs/WindowsException'{0x00000000abfa09f0}> (0x00000000abfa09f0) 
thrown [e:\jenkins\tmp\workspace\build\src\src\hotspot\share\prims\jni.cpp, line 516]
Event: 27.555 Thread 0x0000026062074560 Exception <a 'sun/nio/fs/WindowsException'{0x00000000abfa15a0}> (0x00000000abfa15a0) 
thrown [e:\jenkins\tmp\workspace\build\src\src\hotspot\share\prims\jni.cpp, line 516]
Event: 27.555 Thread 0x0000026062074560 Exception <a 'sun/nio/fs/WindowsException'{0x00000000abfa19e0}> (0x00000000abfa19e0) 
thrown [e:\jenkins\tmp\workspace\build\src\src\hotspot\share\prims\jni.cpp, line 516]
Event: 27.561 Thread 0x0000026062074560 Exception <a 'sun/nio/fs/WindowsException'{0x00000000abc77028}> (0x00000000abc77028) 
thrown [e:\jenkins\tmp\workspace\build\src\src\hotspot\share\prims\jni.cpp, line 516]
Event: 27.561 Thread 0x0000026062074560 Exception <a 'sun/nio/fs/WindowsException'{0x00000000abc77458}> (0x00000000abc77458) 
thrown [e:\jenkins\tmp\workspace\build\src\src\hotspot\share\prims\jni.cpp, line 516]
Event: 27.563 Thread 0x0000026062074a30 Exception <a 'sun/nio/fs/WindowsException'{0x00000000ababaeb8}> (0x00000000ababaeb8) 
thrown [e:\jenkins\tmp\workspace\build\src\src\hotspot\share\prims\jni.cpp, line 516]
Event: 27.563 Thread 0x0000026062074a30 Exception <a 'sun/nio/fs/WindowsException'{0x00000000ababb2f0}> (0x00000000ababb2f0) 
thrown [e:\jenkins\tmp\workspace\build\src\src\hotspot\share\prims\jni.cpp, line 516]
Event: 27.642 Thread 0x0000026062076240 Exception <a 'sun/nio/fs/WindowsException'{0x00000000a9bbd258}> (0x00000000a9bbd258) 
thrown [e:\jenkins\tmp\workspace\build\src\src\hotspot\share\prims\jni.cpp, line 516]
Event: 27.642 Thread 0x0000026062076240 Exception <a 'sun/nio/fs/WindowsException'{0x00000000a9bbd738}> (0x00000000a9bbd738) 
thrown [e:\jenkins\tmp\workspace\build\src\src\hotspot\share\prims\jni.cpp, line 516]
Event: 27.650 Thread 0x0000026061f58040 Exception <a 'sun/nio/fs/WindowsException'{0x00000000a98d1b38}> (0x00000000a98d1b38) 
thrown [e:\jenkins\tmp\workspace\build\src\src\hotspot\share\prims\jni.cpp, line 516]
Event: 27.650 Thread 0x0000026061f58040 Exception <a 'sun/nio/fs/WindowsException'{0x00000000a98d1f58}> (0x00000000a98d1f58) 
thrown [e:\jenkins\tmp\workspace\build\src\src\hotspot\share\prims\jni.cpp, line 516]
Event: 27.675 Thread 0x0000026062074a30 Exception <a 'sun/nio/fs/WindowsException'{0x00000000a8fc54c8}> (0x00000000a8fc54c8) 
thrown [e:\jenkins\tmp\workspace\build\src\src\hotspot\share\prims\jni.cpp, line 516]
Event: 27.676 Thread 0x0000026062074a30 Exception <a 'sun/nio/fs/WindowsException'{0x00000000a8fc5940}> (0x00000000a8fc5940) 
thrown [e:\jenkins\tmp\workspace\build\src\src\hotspot\share\prims\jni.cpp, line 516]

VM Operations (20 events):
Event: 26.418 Executing VM operation: G1Concurrent done
Event: 26.464 Executing VM operation: G1CollectForAllocation
Event: 26.469 Executing VM operation: G1CollectForAllocation done
Event: 26.489 Executing VM operation: G1Concurrent
Event: 26.489 Executing VM operation: G1Concurrent done
Event: 26.806 Executing VM operation: G1CollectForAllocation
Event: 26.817 Executing VM operation: G1CollectForAllocation done
Event: 26.829 Executing VM operation: G1CollectForAllocation
Event: 26.829 Executing VM operation: G1CollectForAllocation done
Event: 26.829 Executing VM operation: G1CollectForAllocation
Event: 26.835 Executing VM operation: G1CollectForAllocation done
Event: 27.128 Executing VM operation: G1CollectForAllocation
Event: 27.138 Executing VM operation: G1CollectForAllocation done
Event: 27.414 Executing VM operation: G1CollectForAllocation
Event: 27.424 Executing VM operation: G1CollectForAllocation done
Event: 27.449 Executing VM operation: HandshakeAllThreads
Event: 27.449 Executing VM operation: HandshakeAllThreads done
Event: 27.676 Executing VM operation: G1CollectForAllocation
Event: 27.676 Executing VM operation: G1CollectForAllocation done
Event: 27.676 Executing VM operation: G1CollectForAllocation

Events (20 events):
Event: 27.444 loading class java/util/stream/Streams$ConcatSpliterator done
Event: 27.444 loading class java/util/stream/Streams$ConcatSpliterator$OfRef done
Event: 27.444 loading class java/util/stream/Streams$2
Event: 27.444 loading class java/util/stream/Streams$2 done
Event: 27.444 loading class java/util/stream/SliceOps
Event: 27.446 loading class java/util/stream/SliceOps done
Event: 27.446 loading class java/util/stream/SliceOps$1
Event: 27.448 loading class java/util/stream/ReferencePipeline$StatefulOp
Event: 27.448 loading class java/util/stream/ReferencePipeline$StatefulOp done
Event: 27.448 loading class java/util/stream/SliceOps$1 done
Event: 27.452 loading class java/util/stream/SliceOps$1$1
Event: 27.452 loading class java/util/stream/SliceOps$1$1 done
Event: 27.465 loading class java/util/Hashtable$ValueCollection
Event: 27.465 loading class java/util/Hashtable$ValueCollection done
Event: 27.541 loading class jdk/internal/reflect/UnsafeQualifiedObjectFieldAccessorImpl
Event: 27.541 loading class jdk/internal/reflect/UnsafeQualifiedObjectFieldAccessorImpl done
Event: 27.542 loading class jdk/internal/reflect/UnsafeQualifiedLongFieldAccessorImpl
Event: 27.542 loading class jdk/internal/reflect/UnsafeQualifiedLongFieldAccessorImpl done
Event: 27.550 loading class java/io/FileOutputStream$1
Event: 27.550 loading class java/io/FileOutputStream$1 done


Dynamic libraries:
0x00007ff675330000 - 0x00007ff67533e000 	c:\Users\Geraldo\.vscode\extensions\redhat.java-1.8.0-win32-x64\jre\17.0.3-win32-x86_64\bin\java.exe
0x00007ff9f8890000 - 0x00007ff9f8a87000 	C:\WINDOWS\SYSTEM32\ntdll.dll
0x00007ff9f8700000 - 0x00007ff9f87bd000 	C:\WINDOWS\System32\KERNEL32.DLL
0x00007ff9f5f80000 - 0x00007ff9f624d000 	C:\WINDOWS\System32\KERNELBASE.dll
0x00007ff9f6580000 - 0x00007ff9f6680000 	C:\WINDOWS\System32\ucrtbase.dll
0x00007ff9ee0c0000 - 0x00007ff9ee0d8000 	c:\Users\Geraldo\.vscode\extensions\redhat.java-1.8.0-win32-x64\jre\17.0.3-win32-x86_64\bin\jli.dll
0x00007ff9f72f0000 - 0x00007ff9f7490000 	C:\WINDOWS\System32\USER32.dll
0x00007ff9f64c0000 - 0x00007ff9f64e2000 	C:\WINDOWS\System32\win32u.dll
0x00007ff9f7120000 - 0x00007ff9f714a000 	C:\WINDOWS\System32\GDI32.dll
0x00007ff9f6250000 - 0x00007ff9f635b000 	C:\WINDOWS\System32\gdi32full.dll
0x00007ff9f6420000 - 0x00007ff9f64bd000 	C:\WINDOWS\System32\msvcp_win.dll
0x00007ff9ee010000 - 0x00007ff9ee029000 	c:\Users\Geraldo\.vscode\extensions\redhat.java-1.8.0-win32-x64\jre\17.0.3-win32-x86_64\bin\VCRUNTIME140.dll
0x00007ff9e5f10000 - 0x00007ff9e61aa000 	C:\WINDOWS\WinSxS\amd64_microsoft.windows.common-controls_6595b64144ccf1df_6.0.19041.1110_none_60b5254171f9507e\COMCTL32.dll
0x00007ff9f6cc0000 - 0x00007ff9f6d5e000 	C:\WINDOWS\System32\msvcrt.dll
0x00007ff9f7e50000 - 0x00007ff9f7e80000 	C:\WINDOWS\System32\IMM32.DLL
0x00007ff9edf60000 - 0x00007ff9edf6c000 	c:\Users\Geraldo\.vscode\extensions\redhat.java-1.8.0-win32-x64\jre\17.0.3-win32-x86_64\bin\vcruntime140_1.dll
0x00007ff9c0330000 - 0x00007ff9c03c1000 	c:\Users\Geraldo\.vscode\extensions\redhat.java-1.8.0-win32-x64\jre\17.0.3-win32-x86_64\bin\msvcp140.dll
0x00007ff999320000 - 0x00007ff999f68000 	c:\Users\Geraldo\.vscode\extensions\redhat.java-1.8.0-win32-x64\jre\17.0.3-win32-x86_64\bin\server\jvm.dll
0x00007ff9f6d60000 - 0x00007ff9f6e0e000 	C:\WINDOWS\System32\ADVAPI32.dll
0x00007ff9f7150000 - 0x00007ff9f71ec000 	C:\WINDOWS\System32\sechost.dll
0x00007ff9f6f20000 - 0x00007ff9f7045000 	C:\WINDOWS\System32\RPCRT4.dll
0x00007ff9f68f0000 - 0x00007ff9f68f8000 	C:\WINDOWS\System32\PSAPI.DLL
0x00007ff9deff0000 - 0x00007ff9deff9000 	C:\WINDOWS\SYSTEM32\WSOCK32.dll
0x00007ff9f7280000 - 0x00007ff9f72eb000 	C:\WINDOWS\System32\WS2_32.dll
0x00007ff9e2760000 - 0x00007ff9e2787000 	C:\WINDOWS\SYSTEM32\WINMM.dll
0x00007ff9e3170000 - 0x00007ff9e317a000 	C:\WINDOWS\SYSTEM32\VERSION.dll
0x00007ff9f3da0000 - 0x00007ff9f3db2000 	C:\WINDOWS\SYSTEM32\kernel.appcore.dll
0x00007ff9edf50000 - 0x00007ff9edf5a000 	c:\Users\Geraldo\.vscode\extensions\redhat.java-1.8.0-win32-x64\jre\17.0.3-win32-x86_64\bin\jimage.dll
0x00007ff9e0f40000 - 0x00007ff9e1124000 	C:\WINDOWS\SYSTEM32\DBGHELP.DLL
0x00007ff9e0f10000 - 0x00007ff9e0f3c000 	C:\WINDOWS\SYSTEM32\dbgcore.DLL
0x00007ff9f64f0000 - 0x00007ff9f6572000 	C:\WINDOWS\System32\bcryptPrimitives.dll
0x00007ff9e6b40000 - 0x00007ff9e6b65000 	c:\Users\Geraldo\.vscode\extensions\redhat.java-1.8.0-win32-x64\jre\17.0.3-win32-x86_64\bin\java.dll
0x00007ff9e03b0000 - 0x00007ff9e03c8000 	c:\Users\Geraldo\.vscode\extensions\redhat.java-1.8.0-win32-x64\jre\17.0.3-win32-x86_64\bin\zip.dll
0x00007ff9f7490000 - 0x00007ff9f7bd4000 	C:\WINDOWS\System32\SHELL32.dll
0x00007ff9f4080000 - 0x00007ff9f4814000 	C:\WINDOWS\SYSTEM32\windows.storage.dll
0x00007ff9f6900000 - 0x00007ff9f6c54000 	C:\WINDOWS\System32\combase.dll
0x00007ff9f5910000 - 0x00007ff9f593c000 	C:\WINDOWS\SYSTEM32\Wldp.dll
0x00007ff9f6e10000 - 0x00007ff9f6ebd000 	C:\WINDOWS\System32\SHCORE.dll
0x00007ff9f6ec0000 - 0x00007ff9f6f15000 	C:\WINDOWS\System32\shlwapi.dll
0x00007ff9f5ec0000 - 0x00007ff9f5edf000 	C:\WINDOWS\SYSTEM32\profapi.dll
0x00007ff9e0390000 - 0x00007ff9e03a9000 	C:\Users\Geraldo\.vscode\extensions\redhat.java-1.8.0-win32-x64\jre\17.0.3-win32-x86_64\bin\net.dll
0x00007ff9e82e0000 - 0x00007ff9e83ea000 	C:\WINDOWS\SYSTEM32\WINHTTP.dll
0x00007ff9f5670000 - 0x00007ff9f56da000 	C:\WINDOWS\system32\mswsock.dll
0x00007ff9c5b70000 - 0x00007ff9c5b85000 	C:\Users\Geraldo\.vscode\extensions\redhat.java-1.8.0-win32-x64\jre\17.0.3-win32-x86_64\bin\nio.dll
0x00007ff9f19e0000 - 0x00007ff9f19f0000 	c:\Users\Geraldo\.vscode\extensions\redhat.java-1.8.0-win32-x64\jre\17.0.3-win32-x86_64\bin\verify.dll
0x00007ff9f19c0000 - 0x00007ff9f19c9000 	C:\Users\Geraldo\.vscode\extensions\redhat.java-1.8.0-win32-x64\jre\17.0.3-win32-x86_64\bin\management.dll
0x00007ff9f19b0000 - 0x00007ff9f19bb000 	C:\Users\Geraldo\.vscode\extensions\redhat.java-1.8.0-win32-x64\jre\17.0.3-win32-x86_64\bin\management_ext.dll
0x00007ff9dd480000 - 0x00007ff9dd497000 	C:\WINDOWS\system32\napinsp.dll
0x00007ff9dd460000 - 0x00007ff9dd47b000 	C:\WINDOWS\system32\pnrpnsp.dll
0x00007ff9f0e80000 - 0x00007ff9f0e95000 	C:\WINDOWS\system32\wshbth.dll
0x00007ff9f1980000 - 0x00007ff9f199d000 	C:\WINDOWS\system32\NLAapi.dll
0x00007ff9f5360000 - 0x00007ff9f539b000 	C:\WINDOWS\SYSTEM32\IPHLPAPI.DLL
0x00007ff9f53a0000 - 0x00007ff9f546b000 	C:\WINDOWS\SYSTEM32\DNSAPI.dll
0x00007ff9f86f0000 - 0x00007ff9f86f8000 	C:\WINDOWS\System32\NSI.dll
0x00007ff9dd570000 - 0x00007ff9dd582000 	C:\WINDOWS\System32\winrnr.dll
0x00007ff9e7760000 - 0x00007ff9e776a000 	C:\Windows\System32\rasadhlp.dll
0x00007ff9e78a0000 - 0x00007ff9e7920000 	C:\WINDOWS\System32\fwpuclnt.dll
0x00007ff9f6680000 - 0x00007ff9f66a7000 	C:\WINDOWS\System32\bcrypt.dll
0x00007ff9f5870000 - 0x00007ff9f5888000 	C:\WINDOWS\SYSTEM32\CRYPTSP.dll
0x00007ff9f4ff0000 - 0x00007ff9f5024000 	C:\WINDOWS\system32\rsaenh.dll
0x00007ff9f5e40000 - 0x00007ff9f5e6e000 	C:\WINDOWS\SYSTEM32\USERENV.dll
0x00007ff9f5860000 - 0x00007ff9f586c000 	C:\WINDOWS\SYSTEM32\CRYPTBASE.dll
0x00007ff9ed380000 - 0x00007ff9ed397000 	C:\WINDOWS\SYSTEM32\dhcpcsvc6.DLL
0x00007ff9eb5c0000 - 0x00007ff9eb5dd000 	C:\WINDOWS\SYSTEM32\dhcpcsvc.DLL

dbghelp: loaded successfully - version: 4.0.5 - missing functions: none
symbol engine: initialized successfully - sym options: 0x614 - pdb path: .;c:\Users\Geraldo\.vscode\extensions\redhat.java-1.8.0-win32-x64\jre\17.0.3-win32-x86_64\bin;C:\WINDOWS\SYSTEM32;C:\WINDOWS\WinSxS\amd64_microsoft.windows.common-controls_6595b64144ccf1df_6.0.19041.1110_none_60b5254171f9507e;c:\Users\Geraldo\.vscode\extensions\redhat.java-1.8.0-win32-x64\jre\17.0.3-win32-x86_64\bin\server

VM Arguments:
jvm_args: --add-modules=ALL-SYSTEM --add-exports=jdk.compiler/com.sun.tools.javac.file=ALL-UNNAMED --add-exports=jdk.compiler/com.sun.tools.javac.util=ALL-UNNAMED --add-exports=jdk.compiler/com.sun.tools.javac.comp=ALL-UNNAMED --add-exports=jdk.compiler/com.sun.tools.javac.main=ALL-UNNAMED --add-exports=jdk.compiler/com.sun.tools.javac.tree=ALL-UNNAMED --add-exports=jdk.compiler/com.sun.tools.javac.code=ALL-UNNAMED -Dsts.lsp.client=vscode -Dsts.log.file=/dev/null -XX:TieredStopAtLevel=1 -Dspring.config.location=file:c:\Users\Geraldo\.vscode\extensions\pivotal.vscode-spring-boot-1.36.0\language-server\BOOT-INF\classes\application.properties 
java_command: org.springframework.ide.vscode.boot.app.BootLanguageServerBootApp
java_class_path (initial): c:\Users\Geraldo\.vscode\extensions\pivotal.vscode-spring-boot-1.36.0\language-server\BOOT-INF\classes;c:\Users\Geraldo\.vscode\extensions\pivotal.vscode-spring-boot-1.36.0\language-server\BOOT-INF\lib\annotations-23.0.0.jar;c:\Users\Geraldo\.vscode\extensions\pivotal.vscode-spring-boot-1.36.0\language-server\BOOT-INF\lib\antlr-runtime-3.5.2.jar;c:\Users\Geraldo\.vscode\extensions\pivotal.vscode-spring-boot-1.36.0\language-server\BOOT-INF\lib\antlr4-4.9.3.jar;c:\Users\Geraldo\.vscode\extensions\pivotal.vscode-spring-boot-1.36.0\language-server\BOOT-INF\lib\antlr4-runtime-4.9.3.jar;c:\Users\Geraldo\.vscode\extensions\pivotal.vscode-spring-boot-1.36.0\language-server\BOOT-INF\lib\asm-9.3.jar;c:\Users\Geraldo\.vscode\extensions\pivotal.vscode-spring-boot-1.36.0\language-server\BOOT-INF\lib\asm-analysis-9.3.jar;c:\Users\Geraldo\.vscode\extensions\pivotal.vscode-spring-boot-1.36.0\language-server\BOOT-INF\lib\asm-tree-9.3.jar;c:\Users\Geraldo\.vscode\extensions\pivotal.vscode-spring-boot-1.36.0\language-server\BOOT-INF\lib\asm-util-9.3.jar;c:\Users\Geraldo\.vscode\extensions\pivotal.vscode-spring-boot-1.36.0\language-server\BOOT-INF\lib\byte-buddy-1.10.18.jar;c:\Users\Geraldo\.vscode\extensions\pivotal.vscode-spring-boot-1.36.0\language-server\BOOT-INF\lib\caffeine-2.8.6.jar;c:\Users\Geraldo\.vscode\extensions\pivotal.vscode-spring-boot-1.36.0\language-server\BOOT-INF\lib\checker-qual-3.12.0.jar;c:\Users\Geraldo\.vscode\extensions\pivotal.vscode-spring-boot-1.36.0\language-server\BOOT-INF\lib\classgraph-4.8.146.jar;c:\Users\Geraldo\.vscode\extensions\pivotal.vscode-spring-boot-1.36.0\language-server\BOOT-INF\lib\commons-codec-1.14.jar;c:\Users\Geraldo\.vscode\extensions\pivotal.vscode-spring-boot-1.36.0\language-server\BOOT-INF\lib\commons-compress-1.21.jar;c:\Users\Geraldo\.vscode\extensions\pivotal.vscode-spring-boot-1.36.0\language-server\BOOT-INF\lib\commons-exec-1.3.jar;c:\Users\Geraldo\.vscode\extensions\pivotal.vscode-spring-boot-1.36.
Launcher Type: SUN_STANDARD

[Global flags]
     intx CICompilerCount                          = 3                                         {product} {ergonomic}
     uint ConcGCThreads                            = 1                                         {product} {ergonomic}
     uint G1ConcRefinementThreads                  = 4                                         {product} {ergonomic}
   size_t G1HeapRegionSize                         = 1048576                                   {product} {ergonomic}
    uintx GCDrainStackTargetSize                   = 64                                        {product} {ergonomic}
   size_t InitialHeapSize                          = 100663296                                 {product} {ergonomic}
   size_t MarkStackSize                            = 4194304                                   {product} {ergonomic}
   size_t MaxHeapSize                              = 1581252608                                {product} {ergonomic}
   size_t MaxNewSize                               = 947912704                                 {product} {ergonomic}
   size_t MinHeapDeltaBytes                        = 1048576                                   {product} {ergonomic}
   size_t MinHeapSize                              = 8388608                                   {product} {ergonomic}
    uintx NonProfiledCodeHeapSize                  = 0                                      {pd product} {ergonomic}
     bool ProfileInterpreter                       = false                                  {pd product} {command line}
    uintx ProfiledCodeHeapSize                     = 0                                      {pd product} {ergonomic}
   size_t SoftMaxHeapSize                          = 1581252608                             {manageable} {ergonomic}
     intx TieredStopAtLevel                        = 1                                         {product} {command line}
     bool UseCompressedClassPointers               = true                           {product lp64_product} {ergonomic}
     bool UseCompressedOops                        = true                           {product lp64_product} {ergonomic}
     bool UseG1GC                                  = true                                      {product} {ergonomic}
     bool UseLargePagesIndividualAllocation        = false                                  {pd product} {ergonomic}

Logging:
Log output configuration:
 #0: stdout all=warning uptime,level,tags
 #1: stderr all=off uptime,level,tags

Environment Variables:
JAVA_HOME=C:\Program Files\Java\jdk1.8.0_11
CLASSPATH=;%JAVA_HOME%;
PATH=C:\Program Files\Zulu\zulu-17\bin\;C:\Python310\Scripts\;C:\Python310\;C:\Program Files (x86)\Common Files\Oracle\Java\javapath;C:\ProgramData\Oracle\Java\javapath;C:\Program Files (x86)\Intel\iCLS Client\;C:\Program Files\Intel\iCLS Client\;C:\Windows\system32;C:\Windows;C:\Windows\System32\Wbem;C:\Windows\System32\WindowsPowerShell\v1.0\;C:\Program Files\Intel\Intel(R) Management Engine Components\DAL;C:\Program Files\Intel\Intel(R) Management Engine Components\IPT;C:\Program Files (x86)\Intel\Intel(R) Management Engine Components\DAL;C:\Program Files (x86)\Intel\Intel(R) Management Engine Components\IPT;C:\Program Files\Acer\Remote Files\;C:\Program Files\Java\jdk1.8.0_11\bin;C:\Program Files (x86)\Common Files\Acronis\SnapAPI\;C:\WINDOWS\system32;C:\WINDOWS;C:\WINDOWS\System32\Wbem;C:\WINDOWS\System32\WindowsPowerShell\v1.0\;C:\Program Files\Git\cmd;C:\Program Files (x86)\QuickTime\QTSystem\;C:\WINDOWS\System32\OpenSSH\;C:\composer;C:\Geraldo\gradle-5.5.1-all\gradle-5.5.1\bin;C:\Program Files (x86)\MySQL\MySQL Workbench 6.1 CE;C:\Program Files (x86)\Brackets\command;C:\Program Files (x86)\MySQL\MySQL Utilities 1.6\;C:\geraldo\build-tools\28.0.3;C:\geraldo\platforms;C:\geraldo\platforms-tools;C:\Program Files (x86)\Yarn\bin\;C:\xampp4\php;C:\Program Files\nodejs\;C:\ProgramData\chocolatey\bin;C:\Users\Geraldo\AppData\Local\Programs\Python\Python36-32\Scripts\;C:\Users\Geraldo\AppData\Local\Programs\Python\Python36-32\;C:\Users\Geraldo\AppData\Local\Microsoft\WindowsApps;C:\Program Files\Microsoft VS Code\bin;C:\Users\Geraldo\AppData\Roaming\Composer\vendor\bin;C:\Geraldo\flutter\bin;C:\Program Files\JetBrains\WebStorm 2019.2.1\bin;C:\Users\Geraldo\AppData\Local\Microsoft\WindowsApps;C:\Users\Geraldo\AppData\Local\Yarn\bin;C:\Program Files\MongoDB 2.6 Standard\bin;C:\Users\Geraldo\AppData\Local\atom\bin;C:\Users\Geraldo\AppData\Local\Programs\Microsoft VS Code\bin;C:\Program Files\heroku\bin;C:\Users\Geraldo\AppData\Roaming\npm
USERNAME=Geraldo
OS=Windows_NT
PROCESSOR_IDENTIFIER=Intel64 Family 6 Model 69 Stepping 1, GenuineIntel



---------------  S Y S T E M  ---------------

OS:
 Windows 10 , 64 bit Build 19041 (10.0.19041.1741)
OS uptime: 0 days 17:25 hours

CPU: total 4 (initial active 4) (2 cores per cpu, 2 threads per core) family 6 model 69 stepping 1 microcode 0x25, cx8, cmov, fxsr, ht, mmx, sse, sse2, sse3, ssse3, sse4.1, sse4.2, popcnt, lzcnt, tsc, tscinvbit, avx, avx2, aes, erms, clmul, bmi1, bmi2, fma, vzeroupper, clflush

Memory: 4k page, system-wide physical 6024M (242M free)
TotalPageFile size 8072M (AvailPageFile size 209M)
current process WorkingSet (physical memory assigned to process): 305M, peak: 305M
current process commit charge ("private bytes"): 345M, peak: 549M

vm_info: OpenJDK 64-Bit Server VM (17.0.3+7) for windows-amd64 JRE (17.0.3+7), built on Apr 19 2022 16:55:35 by "" with MS VC++ 16.7 (VS2019)

END.
