#
# There is insufficient memory for the Java Runtime Environment to continue.
# Native memory allocation (malloc) failed to allocate 1605664 bytes for Chunk::new
# Possible reasons:
#   The system is out of physical RAM or swap space
#   The process is running with CompressedOops enabled, and the Java Heap may be blocking the growth of the native heap
# Possible solutions:
#   Reduce memory load on the system
#   Increase physical memory or swap space
#   Check if swap backing store is full
#   Decrease Java heap size (-Xmx/-Xms)
#   Decrease number of Java threads
#   Decrease Java thread stack sizes (-Xss)
#   Set larger code cache with -XX:ReservedCodeCacheSize=
#   JVM is running with Unscaled Compressed Oops mode in which the Java heap is
#     placed in the first 4GB address space. The Java Heap base address is the
#     maximum limit for the native heap growth. Please use -XX:HeapBaseMinAddress
#     to set the Java Heap base and to place the Java Heap above 4GB virtual address.
# This output file may be truncated or incomplete.
#
#  Out of Memory Error (arena.cpp:189), pid=102816, tid=104504
#
# JRE version: OpenJDK Runtime Environment Temurin-17.0.3+7 (17.0.3+7) (build 17.0.3+7)
# Java VM: OpenJDK 64-Bit Server VM Temurin-17.0.3+7 (17.0.3+7, mixed mode, tiered, compressed oops, compressed class ptrs, parallel gc, windows-amd64)
# No core dump will be written. Minidumps are not enabled by default on client versions of Windows
#

---------------  S U M M A R Y ------------

Command Line: --add-modules=ALL-SYSTEM --add-opens=java.base/java.util=ALL-UNNAMED --add-opens=java.base/java.lang=ALL-UNNAMED --add-opens=java.base/sun.nio.fs=ALL-UNNAMED -Declipse.application=org.eclipse.jdt.ls.core.id1 -Dosgi.bundles.defaultStartLevel=4 -Declipse.product=org.eclipse.jdt.ls.core.product -Djava.import.generatesMetadataFilesAtProjectRoot=false -Dfile.encoding=utf8 -DwatchParentProcess=false -XX:+UseParallelGC -XX:GCTimeRatio=4 -XX:AdaptiveSizePolicyWeight=90 -Dsun.zip.disableMemoryMapping=true -Xmx1G -Xms100m -XX:+HeapDumpOnOutOfMemoryError -XX:HeapDumpPath=c:\Users\Geraldo\AppData\Roaming\Code\User\workspaceStorage\2254ab51db5a41ec9a493b77a183878c\redhat.java c:\Users\Geraldo\.vscode\extensions\redhat.java-1.8.0-win32-x64\server\plugins\org.eclipse.equinox.launcher_1.6.400.v20210924-0641.jar -configuration c:\Users\Geraldo\AppData\Roaming\Code\User\globalStorage\redhat.java\1.8.0\config_win -data c:\Users\Geraldo\AppData\Roaming\Code\User\workspaceStorage\2254ab51db5a41ec9a493b77a183878c\redhat.java\jdt_ws

Host: Intel(R) Core(TM) i5-4200U CPU @ 1.60GHz, 4 cores, 5G,  Windows 10 , 64 bit Build 19041 (10.0.19041.1741)
Time: Mon Jul 11 16:38:38 2022 Hora oficial do Brasil elapsed time: 386.487944 seconds (0d 0h 6m 26s)

---------------  T H R E A D  ---------------

Current thread (0x00000230faa3be30):  JavaThread "C2 CompilerThread0" daemon [_thread_in_native, id=104504, stack(0x0000003622600000,0x0000003622700000)]


Current CompileTask:
C2: 386488 12187       4       org.eclipse.jdt.internal.compiler.lookup.BinaryTypeBinding::createMethod (1687 bytes)

Stack: [0x0000003622600000,0x0000003622700000]
Native frames: (J=compiled Java code, j=interpreted, Vv=VM code, C=native code)
V  [jvm.dll+0x675efa]
V  [jvm.dll+0x830a24]
V  [jvm.dll+0x8321ce]
V  [jvm.dll+0x832833]
V  [jvm.dll+0x2454b5]
V  [jvm.dll+0xabd7b]
V  [jvm.dll+0xac30c]
V  [jvm.dll+0x363627]
V  [jvm.dll+0x1bbbe8]
V  [jvm.dll+0x2184b9]
V  [jvm.dll+0x217781]
V  [jvm.dll+0x1a3ccd]
V  [jvm.dll+0x227178]
V  [jvm.dll+0x2252bc]
V  [jvm.dll+0x7e673b]
V  [jvm.dll+0x7e0cfa]
V  [jvm.dll+0x674d85]
C  [ucrtbase.dll+0x21bb2]
C  [KERNEL32.DLL+0x17034]
C  [ntdll.dll+0x52651]


---------------  P R O C E S S  ---------------

Threads class SMR info:
_java_thread_list=0x00000230fd5099d0, length=31, elements={
0x00000230e6be3360, 0x00000230fa9f4b50, 0x00000230fa9f6120, 0x00000230faa300c0,
0x00000230faa30a80, 0x00000230faa31530, 0x00000230faa3b240, 0x00000230faa3be30,
0x00000230faa3c730, 0x00000230faa3f810, 0x00000230e6ca2330, 0x00000230fc65ce60,
0x00000230fccc5ce0, 0x00000230fd37f680, 0x00000230fcf7da10, 0x00000230fcd7faa0,
0x00000230fd893690, 0x00000230fd894ea0, 0x00000230fd89a540, 0x00000230fd895370,
0x00000230fd899ba0, 0x00000230fd894030, 0x00000230fd894500, 0x00000230fd898d30,
0x00000230fd897ec0, 0x00000230fd898860, 0x00000230fd8931c0, 0x00000230ff8feb90,
0x00000230ff9050a0, 0x00000230ff902550, 0x00000230ff902a20
}

Java Threads: ( => current thread )
  0x00000230e6be3360 JavaThread "main" [_thread_blocked, id=103456, stack(0x0000003621d00000,0x0000003621e00000)]
  0x00000230fa9f4b50 JavaThread "Reference Handler" daemon [_thread_blocked, id=104468, stack(0x0000003622000000,0x0000003622100000)]
  0x00000230fa9f6120 JavaThread "Finalizer" daemon [_thread_blocked, id=104472, stack(0x0000003622100000,0x0000003622200000)]
  0x00000230faa300c0 JavaThread "Signal Dispatcher" daemon [_thread_blocked, id=104480, stack(0x0000003622200000,0x0000003622300000)]
  0x00000230faa30a80 JavaThread "Attach Listener" daemon [_thread_blocked, id=104484, stack(0x0000003622300000,0x0000003622400000)]
  0x00000230faa31530 JavaThread "Service Thread" daemon [_thread_blocked, id=104492, stack(0x0000003622400000,0x0000003622500000)]
  0x00000230faa3b240 JavaThread "Monitor Deflation Thread" daemon [_thread_blocked, id=104500, stack(0x0000003622500000,0x0000003622600000)]
=>0x00000230faa3be30 JavaThread "C2 CompilerThread0" daemon [_thread_in_native, id=104504, stack(0x0000003622600000,0x0000003622700000)]
  0x00000230faa3c730 JavaThread "C1 CompilerThread0" daemon [_thread_blocked, id=104516, stack(0x0000003622700000,0x0000003622800000)]
  0x00000230faa3f810 JavaThread "Sweeper thread" daemon [_thread_blocked, id=104524, stack(0x0000003622800000,0x0000003622900000)]
  0x00000230e6ca2330 JavaThread "Common-Cleaner" daemon [_thread_blocked, id=104532, stack(0x0000003622900000,0x0000003622a00000)]
  0x00000230fc65ce60 JavaThread "Notification Thread" daemon [_thread_blocked, id=104548, stack(0x0000003622a00000,0x0000003622b00000)]
  0x00000230fccc5ce0 JavaThread "Active Thread: Equinox Container: 4350b179-7333-428c-994b-73e39323347d" [_thread_blocked, id=104652, stack(0x0000003623000000,0x0000003623100000)]
  0x00000230fd37f680 JavaThread "Framework Event Dispatcher: Equinox Container: 4350b179-7333-428c-994b-73e39323347d" daemon [_thread_blocked, id=105076, stack(0x0000003623100000,0x0000003623200000)]
  0x00000230fcf7da10 JavaThread "Start Level: Equinox Container: 4350b179-7333-428c-994b-73e39323347d" daemon [_thread_blocked, id=105080, stack(0x0000003623200000,0x0000003623300000)]
  0x00000230fcd7faa0 JavaThread "Refresh Thread: Equinox Container: 4350b179-7333-428c-994b-73e39323347d" daemon [_thread_blocked, id=105132, stack(0x0000003622c00000,0x0000003622d00000)]
  0x00000230fd893690 JavaThread "SCR Component Actor" daemon [_thread_blocked, id=105164, stack(0x0000003623800000,0x0000003623900000)]
  0x00000230fd894ea0 JavaThread "Worker-JM" [_thread_blocked, id=105236, stack(0x0000003622d00000,0x0000003622e00000)]
  0x00000230fd89a540 JavaThread "Worker-0: Send Classpath Notifications" [_thread_blocked, id=105248, stack(0x0000003623a00000,0x0000003623b00000)]
  0x00000230fd895370 JavaThread "Bundle File Closer" daemon [_thread_blocked, id=105256, stack(0x0000003623c00000,0x0000003623d00000)]
  0x00000230fd899ba0 JavaThread "Worker-3" [_thread_blocked, id=6476, stack(0x0000003623e00000,0x0000003623f00000)]
  0x00000230fd894030 JavaThread "Java indexing" daemon [_thread_blocked, id=84948, stack(0x0000003623f00000,0x0000003624000000)]
  0x00000230fd894500 JavaThread "pool-1-thread-1" [_thread_blocked, id=104744, stack(0x0000003624000000,0x0000003624100000)]
  0x00000230fd898d30 JavaThread "OkHttp repo.maven.apache.org" [_thread_in_native, id=104624, stack(0x0000003624200000,0x0000003624300000)]
  0x00000230fd897ec0 JavaThread "OkHttp ConnectionPool" daemon [_thread_blocked, id=104620, stack(0x0000003624400000,0x0000003624500000)]
  0x00000230fd898860 JavaThread "OkHttp repo.maven.apache.org Writer" [_thread_blocked, id=84512, stack(0x0000003624600000,0x0000003624700000)]
  0x00000230fd8931c0 JavaThread "OkHttp ConnectionPool" daemon [_thread_blocked, id=10064, stack(0x0000003624100000,0x0000003624200000)]
  0x00000230ff8feb90 JavaThread "Worker-5: Building" [_thread_blocked, id=102736, stack(0x0000003621a00000,0x0000003621b00000)]
  0x00000230ff9050a0 JavaThread "Worker-6" [_thread_blocked, id=77916, stack(0x0000003621c00000,0x0000003621d00000)]
  0x00000230ff902550 JavaThread "Worker-7" [_thread_blocked, id=67252, stack(0x0000003621b00000,0x0000003621c00000)]
  0x00000230ff902a20 JavaThread "Compiler Processing Task" daemon [_thread_new, id=106712, stack(0x0000000000000000,0x0000000000000000)]

Other Threads:
  0x00000230fa9db460 VMThread "VM Thread" [stack: 0x0000003621f00000,0x0000003622000000] [id=104452]
  0x00000230fc5b2250 WatcherThread [stack: 0x0000003622b00000,0x0000003622c00000] [id=104552]
  0x00000230e6bfaeb0 GCTaskThread "GC Thread#0" [stack: 0x0000003621e00000,0x0000003621f00000] [id=16776]
  0x00000230fd37fb50 GCTaskThread "GC Thread#1" [stack: 0x0000003623300000,0x0000003623400000] [id=105084]
  0x00000230fcf7dee0 GCTaskThread "GC Thread#2" [stack: 0x0000003623400000,0x0000003623500000] [id=105088]
  0x00000230fcf7e190 GCTaskThread "GC Thread#3" [stack: 0x0000003623500000,0x0000003623600000] [id=105092]

Threads with active compile tasks:
C2 CompilerThread0   386582 12187       4       org.eclipse.jdt.internal.compiler.lookup.BinaryTypeBinding::createMethod (1687 bytes)

VM state: not at safepoint (normal execution)

VM Mutex/Monitor currently owned by a thread: None

Heap address: 0x00000000c0000000, size: 1024 MB, Compressed Oops mode: 32-bit

CDS archive(s) not mapped
Compressed class space mapped at: 0x0000000100000000-0x0000000140000000, reserved size: 1073741824
Narrow klass base: 0x0000000000000000, Narrow klass shift: 3, Narrow klass range: 0x140000000

GC Precious Log:
 CPUs: 4 total, 4 available
 Memory: 6024M
 Large Page Support: Disabled
 NUMA Support: Disabled
 Compressed Oops: Enabled (32-bit)
 Alignments: Space 512K, Generation 512K, Heap 2M
 Heap Min Capacity: 100M
 Heap Initial Capacity: 100M
 Heap Max Capacity: 1G
 Pre-touch: Disabled
 Parallel Workers: 4

Heap:
 PSYoungGen      total 2048K, used 1151K [0x00000000eab00000, 0x00000000eb000000, 0x0000000100000000)
  eden space 1024K, 12% used [0x00000000eab00000,0x00000000eab20680,0x00000000eac00000)
  from space 1024K, 99% used [0x00000000eac80000,0x00000000ead7f580,0x00000000ead80000)
  to   space 2048K, 0% used [0x00000000eae00000,0x00000000eae00000,0x00000000eb000000)
 ParOldGen       total 61952K, used 51113K [0x00000000c0000000, 0x00000000c3c80000, 0x00000000eab00000)
  object space 61952K, 82% used [0x00000000c0000000,0x00000000c31ea788,0x00000000c3c80000)
 Metaspace       used 66365K, committed 67520K, reserved 1114112K
  class space    used 6918K, committed 7424K, reserved 1048576K

Card table byte_map: [0x00000230e65a0000,0x00000230e67b0000] _byte_map_base: 0x00000230e5fa0000

Marking Bits: (ParMarkBitMap*) 0x00007ff999ea4b80
 Begin Bits: [0x00000230f8870000, 0x00000230f9870000)
 End Bits:   [0x00000230f9870000, 0x00000230fa870000)

Polling page: 0x00000230e4b70000

Metaspace:

Usage:
  Non-class:     58.05 MB used.
      Class:      6.76 MB used.
       Both:     64.81 MB used.

Virtual space:
  Non-class space:       64.00 MB reserved,      58.69 MB ( 92%) committed,  8 nodes.
      Class space:        1.00 GB reserved,       7.25 MB ( <1%) committed,  1 nodes.
             Both:        1.06 GB reserved,      65.94 MB (  6%) committed. 

Chunk freelists:
   Non-Class:  1.36 MB
       Class:  708.00 KB
        Both:  2.05 MB

MaxMetaspaceSize: unlimited
CompressedClassSpaceSize: 1.00 GB
Initial GC threshold: 21.00 MB
Current GC threshold: 109.81 MB
CDS: off
MetaspaceReclaimPolicy: balanced
 - commit_granule_bytes: 65536.
 - commit_granule_words: 8192.
 - virtual_space_node_default_size: 1048576.
 - enlarge_chunks_in_place: 1.
 - new_chunks_are_fully_committed: 0.
 - uncommit_free_chunks: 1.
 - use_allocation_guard: 0.
 - handle_deallocations: 1.


Internal statistics:

num_allocs_failed_limit: 6.
num_arena_births: 742.
num_arena_deaths: 4.
num_vsnodes_births: 9.
num_vsnodes_deaths: 0.
num_space_committed: 1059.
num_space_uncommitted: 4.
num_chunks_returned_to_freelist: 31.
num_chunks_taken_from_freelist: 3259.
num_chunk_merges: 12.
num_chunk_splits: 2041.
num_chunks_enlarged: 1193.
num_purges: 4.
num_inconsistent_stats: 0.

CodeHeap 'non-profiled nmethods': size=120000Kb used=6433Kb max_used=6433Kb free=113566Kb
 bounds [0x00000230f1340000, 0x00000230f1990000, 0x00000230f8870000]
CodeHeap 'profiled nmethods': size=120000Kb used=21423Kb max_used=21545Kb free=98576Kb
 bounds [0x00000230e9e10000, 0x00000230eb340000, 0x00000230f1340000]
CodeHeap 'non-nmethods': size=5760Kb used=1359Kb max_used=1414Kb free=4400Kb
 bounds [0x00000230e9870000, 0x00000230e9ae0000, 0x00000230e9e10000]
 total_blobs=10501 nmethods=9799 adapters=616
 compilation: enabled
              stopped_count=0, restarted_count=0
 full_count=0

Compilation events (20 events):
Event: 385.741 Thread 0x00000230faa3c730 12195       3       org.eclipse.jdt.internal.compiler.lookup.TypeSystem$HashedParameterizedTypes$PTBKey::equals (45 bytes)
Event: 385.741 Thread 0x00000230faa3c730 nmethod 12195 0x00000230eaf3e390 code [0x00000230eaf3e540, 0x00000230eaf3e868]
Event: 385.742 Thread 0x00000230faa3c730 12196       3       org.eclipse.jdt.internal.compiler.lookup.LookupEnvironment::createParameterizedType (44 bytes)
Event: 385.742 Thread 0x00000230faa3c730 nmethod 12196 0x00000230eaaf2910 code [0x00000230eaaf2ae0, 0x00000230eaaf2fa8]
Event: 385.742 Thread 0x00000230faa3c730 12197       3       org.eclipse.jdt.internal.compiler.lookup.LookupEnvironment::getTypeArgumentsFromSignature (89 bytes)
Event: 385.743 Thread 0x00000230faa3c730 nmethod 12197 0x00000230ea8bc910 code [0x00000230ea8bcb40, 0x00000230ea8bd508]
Event: 385.746 Thread 0x00000230faa3c730 12198       3       org.eclipse.jdt.internal.compiler.util.JRTUtil::getModulesDeclaringPackage (10 bytes)
Event: 385.747 Thread 0x00000230faa3c730 nmethod 12198 0x00000230ea358190 code [0x00000230ea358340, 0x00000230ea358578]
Event: 385.760 Thread 0x00000230faa3c730 12199       3       org.eclipse.core.internal.resources.WorkManager::rebalanceNestedOperations (9 bytes)
Event: 385.760 Thread 0x00000230faa3c730 nmethod 12199 0x00000230ea4f6c10 code [0x00000230ea4f6da0, 0x00000230ea4f6eb8]
Event: 385.815 Thread 0x00000230faa3be30 nmethod 12180 0x00000230f1985690 code [0x00000230f1985900, 0x00000230f19875f8]
Event: 385.816 Thread 0x00000230faa3be30 12187       4       org.eclipse.jdt.internal.compiler.lookup.BinaryTypeBinding::createMethod (1687 bytes)
Event: 386.258 Thread 0x00000230faa3c730 12200       3       org.eclipse.core.runtime.SubMonitor::newChild (7 bytes)
Event: 386.258 Thread 0x00000230faa3c730 nmethod 12200 0x00000230eac0b910 code [0x00000230eac0baa0, 0x00000230eac0bbe8]
Event: 386.263 Thread 0x00000230faa3c730 12201       3       org.eclipse.jdt.internal.compiler.parser.Parser::pushOnIntStack (54 bytes)
Event: 386.263 Thread 0x00000230faa3c730 nmethod 12201 0x00000230eaaf2310 code [0x00000230eaaf24c0, 0x00000230eaaf27a8]
Event: 386.325 Thread 0x00000230faa3c730 12202       3       java.util.zip.ZipFile::<init> (14 bytes)
Event: 386.326 Thread 0x00000230faa3c730 nmethod 12202 0x00000230ea8bc190 code [0x00000230ea8bc340, 0x00000230ea8bc598]
Event: 386.328 Thread 0x00000230faa3c730 12203       3       org.eclipse.jdt.internal.core.builder.ClasspathJar::findPackageSet (153 bytes)
Event: 386.330 Thread 0x00000230faa3c730 nmethod 12203 0x00000230ea6cd790 code [0x00000230ea6cdaa0, 0x00000230ea6cec78]

GC Heap History (20 events):
Event: 385.276 GC heap before
{Heap before GC invocations=603 (full 16):
 PSYoungGen      total 2048K, used 1728K [0x00000000eab00000, 0x00000000eae00000, 0x0000000100000000)
  eden space 1536K, 100% used [0x00000000eab00000,0x00000000eac80000,0x00000000eac80000)
  from space 512K, 37% used [0x00000000ead00000,0x00000000ead30000,0x00000000ead80000)
  to   space 512K, 0% used [0x00000000ead80000,0x00000000ead80000,0x00000000eae00000)
 ParOldGen       total 61952K, used 43919K [0x00000000c0000000, 0x00000000c3c80000, 0x00000000eab00000)
  object space 61952K, 70% used [0x00000000c0000000,0x00000000c2ae3f98,0x00000000c3c80000)
 Metaspace       used 66269K, committed 67520K, reserved 1114112K
  class space    used 6914K, committed 7424K, reserved 1048576K
}
Event: 385.278 GC heap after
{Heap after GC invocations=603 (full 16):
 PSYoungGen      total 2048K, used 128K [0x00000000eab00000, 0x00000000eae00000, 0x0000000100000000)
  eden space 1536K, 0% used [0x00000000eab00000,0x00000000eab00000,0x00000000eac80000)
  from space 512K, 25% used [0x00000000ead80000,0x00000000eada0000,0x00000000eae00000)
  to   space 512K, 0% used [0x00000000ead00000,0x00000000ead00000,0x00000000ead80000)
 ParOldGen       total 61952K, used 44031K [0x00000000c0000000, 0x00000000c3c80000, 0x00000000eab00000)
  object space 61952K, 71% used [0x00000000c0000000,0x00000000c2afff98,0x00000000c3c80000)
 Metaspace       used 66269K, committed 67520K, reserved 1114112K
  class space    used 6914K, committed 7424K, reserved 1048576K
}
Event: 385.466 GC heap before
{Heap before GC invocations=604 (full 16):
 PSYoungGen      total 2048K, used 1664K [0x00000000eab00000, 0x00000000eae00000, 0x0000000100000000)
  eden space 1536K, 100% used [0x00000000eab00000,0x00000000eac80000,0x00000000eac80000)
  from space 512K, 25% used [0x00000000ead80000,0x00000000eada0000,0x00000000eae00000)
  to   space 512K, 0% used [0x00000000ead00000,0x00000000ead00000,0x00000000ead80000)
 ParOldGen       total 61952K, used 44031K [0x00000000c0000000, 0x00000000c3c80000, 0x00000000eab00000)
  object space 61952K, 71% used [0x00000000c0000000,0x00000000c2afff98,0x00000000c3c80000)
 Metaspace       used 66322K, committed 67520K, reserved 1114112K
  class space    used 6918K, committed 7424K, reserved 1048576K
}
Event: 385.467 GC heap after
{Heap after GC invocations=604 (full 16):
 PSYoungGen      total 2048K, used 483K [0x00000000eab00000, 0x00000000eae80000, 0x0000000100000000)
  eden space 1536K, 0% used [0x00000000eab00000,0x00000000eab00000,0x00000000eac80000)
  from space 512K, 94% used [0x00000000ead00000,0x00000000ead78d98,0x00000000ead80000)
  to   space 1024K, 0% used [0x00000000ead80000,0x00000000ead80000,0x00000000eae80000)
 ParOldGen       total 61952K, used 44656K [0x00000000c0000000, 0x00000000c3c80000, 0x00000000eab00000)
  object space 61952K, 72% used [0x00000000c0000000,0x00000000c2b9c1f8,0x00000000c3c80000)
 Metaspace       used 66322K, committed 67520K, reserved 1114112K
  class space    used 6918K, committed 7424K, reserved 1048576K
}
Event: 385.567 GC heap before
{Heap before GC invocations=605 (full 16):
 PSYoungGen      total 2048K, used 1994K [0x00000000eab00000, 0x00000000eae80000, 0x0000000100000000)
  eden space 1536K, 98% used [0x00000000eab00000,0x00000000eac79da8,0x00000000eac80000)
  from space 512K, 94% used [0x00000000ead00000,0x00000000ead78d98,0x00000000ead80000)
  to   space 1024K, 0% used [0x00000000ead80000,0x00000000ead80000,0x00000000eae80000)
 ParOldGen       total 61952K, used 44656K [0x00000000c0000000, 0x00000000c3c80000, 0x00000000eab00000)
  object space 61952K, 72% used [0x00000000c0000000,0x00000000c2b9c1f8,0x00000000c3c80000)
 Metaspace       used 66322K, committed 67520K, reserved 1114112K
  class space    used 6918K, committed 7424K, reserved 1048576K
}
Event: 385.568 GC heap after
{Heap after GC invocations=605 (full 16):
 PSYoungGen      total 2048K, used 987K [0x00000000eab00000, 0x00000000eaf80000, 0x0000000100000000)
  eden space 1024K, 0% used [0x00000000eab00000,0x00000000eab00000,0x00000000eac00000)
  from space 1024K, 96% used [0x00000000ead80000,0x00000000eae76df8,0x00000000eae80000)
  to   space 1536K, 0% used [0x00000000eac00000,0x00000000eac00000,0x00000000ead80000)
 ParOldGen       total 61952K, used 45580K [0x00000000c0000000, 0x00000000c3c80000, 0x00000000eab00000)
  object space 61952K, 73% used [0x00000000c0000000,0x00000000c2c83148,0x00000000c3c80000)
 Metaspace       used 66322K, committed 67520K, reserved 1114112K
  class space    used 6918K, committed 7424K, reserved 1048576K
}
Event: 385.634 GC heap before
{Heap before GC invocations=606 (full 16):
 PSYoungGen      total 2048K, used 2011K [0x00000000eab00000, 0x00000000eaf80000, 0x0000000100000000)
  eden space 1024K, 100% used [0x00000000eab00000,0x00000000eac00000,0x00000000eac00000)
  from space 1024K, 96% used [0x00000000ead80000,0x00000000eae76df8,0x00000000eae80000)
  to   space 1536K, 0% used [0x00000000eac00000,0x00000000eac00000,0x00000000ead80000)
 ParOldGen       total 61952K, used 45580K [0x00000000c0000000, 0x00000000c3c80000, 0x00000000eab00000)
  object space 61952K, 73% used [0x00000000c0000000,0x00000000c2c83148,0x00000000c3c80000)
 Metaspace       used 66322K, committed 67520K, reserved 1114112K
  class space    used 6918K, committed 7424K, reserved 1048576K
}
Event: 385.635 GC heap after
{Heap after GC invocations=606 (full 16):
 PSYoungGen      total 2560K, used 1121K [0x00000000eab00000, 0x00000000eaf00000, 0x0000000100000000)
  eden space 1024K, 0% used [0x00000000eab00000,0x00000000eab00000,0x00000000eac00000)
  from space 1536K, 73% used [0x00000000eac00000,0x00000000ead18540,0x00000000ead80000)
  to   space 1536K, 0% used [0x00000000ead80000,0x00000000ead80000,0x00000000eaf00000)
 ParOldGen       total 61952K, used 46501K [0x00000000c0000000, 0x00000000c3c80000, 0x00000000eab00000)
  object space 61952K, 75% used [0x00000000c0000000,0x00000000c2d694a0,0x00000000c3c80000)
 Metaspace       used 66322K, committed 67520K, reserved 1114112K
  class space    used 6918K, committed 7424K, reserved 1048576K
}
Event: 385.728 GC heap before
{Heap before GC invocations=607 (full 16):
 PSYoungGen      total 2560K, used 2145K [0x00000000eab00000, 0x00000000eaf00000, 0x0000000100000000)
  eden space 1024K, 100% used [0x00000000eab00000,0x00000000eac00000,0x00000000eac00000)
  from space 1536K, 73% used [0x00000000eac00000,0x00000000ead18540,0x00000000ead80000)
  to   space 1536K, 0% used [0x00000000ead80000,0x00000000ead80000,0x00000000eaf00000)
 ParOldGen       total 61952K, used 46501K [0x00000000c0000000, 0x00000000c3c80000, 0x00000000eab00000)
  object space 61952K, 75% used [0x00000000c0000000,0x00000000c2d694a0,0x00000000c3c80000)
 Metaspace       used 66350K, committed 67520K, reserved 1114112K
  class space    used 6918K, committed 7424K, reserved 1048576K
}
Event: 385.731 GC heap after
{Heap after GC invocations=607 (full 16):
 PSYoungGen      total 1536K, used 335K [0x00000000eab00000, 0x00000000eae00000, 0x0000000100000000)
  eden space 1024K, 0% used [0x00000000eab00000,0x00000000eab00000,0x00000000eac00000)
  from space 512K, 65% used [0x00000000ead80000,0x00000000eadd3de8,0x00000000eae00000)
  to   space 1024K, 0% used [0x00000000eac00000,0x00000000eac00000,0x00000000ead00000)
 ParOldGen       total 61952K, used 47487K [0x00000000c0000000, 0x00000000c3c80000, 0x00000000eab00000)
  object space 61952K, 76% used [0x00000000c0000000,0x00000000c2e5fed0,0x00000000c3c80000)
 Metaspace       used 66350K, committed 67520K, reserved 1114112K
  class space    used 6918K, committed 7424K, reserved 1048576K
}
Event: 386.274 GC heap before
{Heap before GC invocations=608 (full 16):
 PSYoungGen      total 1536K, used 1213K [0x00000000eab00000, 0x00000000eae00000, 0x0000000100000000)
  eden space 1024K, 85% used [0x00000000eab00000,0x00000000eabdb7e8,0x00000000eac00000)
  from space 512K, 65% used [0x00000000ead80000,0x00000000eadd3de8,0x00000000eae00000)
  to   space 1024K, 0% used [0x00000000eac00000,0x00000000eac00000,0x00000000ead00000)
 ParOldGen       total 61952K, used 48032K [0x00000000c0000000, 0x00000000c3c80000, 0x00000000eab00000)
  object space 61952K, 77% used [0x00000000c0000000,0x00000000c2ee8130,0x00000000c3c80000)
 Metaspace       used 66363K, committed 67520K, reserved 1114112K
  class space    used 6918K, committed 7424K, reserved 1048576K
}
Event: 386.279 GC heap after
{Heap after GC invocations=608 (full 16):
 PSYoungGen      total 2048K, used 415K [0x00000000eab00000, 0x00000000eae00000, 0x0000000100000000)
  eden space 1024K, 0% used [0x00000000eab00000,0x00000000eab00000,0x00000000eac00000)
  from space 1024K, 40% used [0x00000000eac00000,0x00000000eac67f80,0x00000000ead00000)
  to   space 512K, 0% used [0x00000000ead80000,0x00000000ead80000,0x00000000eae00000)
 ParOldGen       total 61952K, used 48232K [0x00000000c0000000, 0x00000000c3c80000, 0x00000000eab00000)
  object space 61952K, 77% used [0x00000000c0000000,0x00000000c2f1a130,0x00000000c3c80000)
 Metaspace       used 66363K, committed 67520K, reserved 1114112K
  class space    used 6918K, committed 7424K, reserved 1048576K
}
Event: 386.312 GC heap before
{Heap before GC invocations=609 (full 16):
 PSYoungGen      total 2048K, used 1384K [0x00000000eab00000, 0x00000000eae00000, 0x0000000100000000)
  eden space 1024K, 94% used [0x00000000eab00000,0x00000000eabf22e8,0x00000000eac00000)
  from space 1024K, 40% used [0x00000000eac00000,0x00000000eac67f80,0x00000000ead00000)
  to   space 512K, 0% used [0x00000000ead80000,0x00000000ead80000,0x00000000eae00000)
 ParOldGen       total 61952K, used 48232K [0x00000000c0000000, 0x00000000c3c80000, 0x00000000eab00000)
  object space 61952K, 77% used [0x00000000c0000000,0x00000000c2f1a130,0x00000000c3c80000)
 Metaspace       used 66363K, committed 67520K, reserved 1114112K
  class space    used 6918K, committed 7424K, reserved 1048576K
}
Event: 386.313 GC heap after
{Heap after GC invocations=609 (full 16):
 PSYoungGen      total 1536K, used 507K [0x00000000eab00000, 0x00000000eaf00000, 0x0000000100000000)
  eden space 1024K, 0% used [0x00000000eab00000,0x00000000eab00000,0x00000000eac00000)
  from space 512K, 99% used [0x00000000ead80000,0x00000000eadfedf0,0x00000000eae00000)
  to   space 1536K, 0% used [0x00000000eac00000,0x00000000eac00000,0x00000000ead80000)
 ParOldGen       total 61952K, used 49058K [0x00000000c0000000, 0x00000000c3c80000, 0x00000000eab00000)
  object space 61952K, 79% used [0x00000000c0000000,0x00000000c2fe89c8,0x00000000c3c80000)
 Metaspace       used 66363K, committed 67520K, reserved 1114112K
  class space    used 6918K, committed 7424K, reserved 1048576K
}
Event: 386.338 GC heap before
{Heap before GC invocations=610 (full 16):
 PSYoungGen      total 1536K, used 1407K [0x00000000eab00000, 0x00000000eaf00000, 0x0000000100000000)
  eden space 1024K, 87% used [0x00000000eab00000,0x00000000eabe0fd0,0x00000000eac00000)
  from space 512K, 99% used [0x00000000ead80000,0x00000000eadfedf0,0x00000000eae00000)
  to   space 1536K, 0% used [0x00000000eac00000,0x00000000eac00000,0x00000000ead80000)
 ParOldGen       total 61952K, used 49058K [0x00000000c0000000, 0x00000000c3c80000, 0x00000000eab00000)
  object space 61952K, 79% used [0x00000000c0000000,0x00000000c2fe89c8,0x00000000c3c80000)
 Metaspace       used 66365K, committed 67520K, reserved 1114112K
  class space    used 6918K, committed 7424K, reserved 1048576K
}
Event: 386.339 GC heap after
{Heap after GC invocations=610 (full 16):
 PSYoungGen      total 2560K, used 968K [0x00000000eab00000, 0x00000000eaf00000, 0x0000000100000000)
  eden space 1024K, 0% used [0x00000000eab00000,0x00000000eab00000,0x00000000eac00000)
  from space 1536K, 63% used [0x00000000eac00000,0x00000000eacf2050,0x00000000ead80000)
  to   space 1536K, 0% used [0x00000000ead80000,0x00000000ead80000,0x00000000eaf00000)
 ParOldGen       total 61952K, used 49551K [0x00000000c0000000, 0x00000000c3c80000, 0x00000000eab00000)
  object space 61952K, 79% used [0x00000000c0000000,0x00000000c3063f10,0x00000000c3c80000)
 Metaspace       used 66365K, committed 67520K, reserved 1114112K
  class space    used 6918K, committed 7424K, reserved 1048576K
}
Event: 386.381 GC heap before
{Heap before GC invocations=611 (full 16):
 PSYoungGen      total 2560K, used 1673K [0x00000000eab00000, 0x00000000eaf00000, 0x0000000100000000)
  eden space 1024K, 68% used [0x00000000eab00000,0x00000000eabb0708,0x00000000eac00000)
  from space 1536K, 63% used [0x00000000eac00000,0x00000000eacf2050,0x00000000ead80000)
  to   space 1536K, 0% used [0x00000000ead80000,0x00000000ead80000,0x00000000eaf00000)
 ParOldGen       total 61952K, used 49551K [0x00000000c0000000, 0x00000000c3c80000, 0x00000000eab00000)
  object space 61952K, 79% used [0x00000000c0000000,0x00000000c3063f10,0x00000000c3c80000)
 Metaspace       used 66365K, committed 67520K, reserved 1114112K
  class space    used 6918K, committed 7424K, reserved 1048576K
}
Event: 386.382 GC heap after
{Heap after GC invocations=611 (full 16):
 PSYoungGen      total 2048K, used 754K [0x00000000eab00000, 0x00000000eae80000, 0x0000000100000000)
  eden space 1024K, 0% used [0x00000000eab00000,0x00000000eab00000,0x00000000eac00000)
  from space 1024K, 73% used [0x00000000ead80000,0x00000000eae3cae8,0x00000000eae80000)
  to   space 1024K, 0% used [0x00000000eac80000,0x00000000eac80000,0x00000000ead80000)
 ParOldGen       total 61952K, used 50414K [0x00000000c0000000, 0x00000000c3c80000, 0x00000000eab00000)
  object space 61952K, 81% used [0x00000000c0000000,0x00000000c313baa8,0x00000000c3c80000)
 Metaspace       used 66365K, committed 67520K, reserved 1114112K
  class space    used 6918K, committed 7424K, reserved 1048576K
}
Event: 386.431 GC heap before
{Heap before GC invocations=612 (full 16):
 PSYoungGen      total 2048K, used 1769K [0x00000000eab00000, 0x00000000eae80000, 0x0000000100000000)
  eden space 1024K, 99% used [0x00000000eab00000,0x00000000eabfdc68,0x00000000eac00000)
  from space 1024K, 73% used [0x00000000ead80000,0x00000000eae3cae8,0x00000000eae80000)
  to   space 1024K, 0% used [0x00000000eac80000,0x00000000eac80000,0x00000000ead80000)
 ParOldGen       total 61952K, used 50414K [0x00000000c0000000, 0x00000000c3c80000, 0x00000000eab00000)
  object space 61952K, 81% used [0x00000000c0000000,0x00000000c313baa8,0x00000000c3c80000)
 Metaspace       used 66365K, committed 67520K, reserved 1114112K
  class space    used 6918K, committed 7424K, reserved 1048576K
}
Event: 386.432 GC heap after
{Heap after GC invocations=612 (full 16):
 PSYoungGen      total 2048K, used 1021K [0x00000000eab00000, 0x00000000eb000000, 0x0000000100000000)
  eden space 1024K, 0% used [0x00000000eab00000,0x00000000eab00000,0x00000000eac00000)
  from space 1024K, 99% used [0x00000000eac80000,0x00000000ead7f580,0x00000000ead80000)
  to   space 2048K, 0% used [0x00000000eae00000,0x00000000eae00000,0x00000000eb000000)
 ParOldGen       total 61952K, used 51113K [0x00000000c0000000, 0x00000000c3c80000, 0x00000000eab00000)
  object space 61952K, 82% used [0x00000000c0000000,0x00000000c31ea788,0x00000000c3c80000)
 Metaspace       used 66365K, committed 67520K, reserved 1114112K
  class space    used 6918K, committed 7424K, reserved 1048576K
}

Deoptimization events (20 events):
Event: 385.082 Thread 0x00000230ff902550 Uncommon trap: trap_request=0xffffffbe fr.pc=0x00000230f196c29c relative=0x000000000000029c
Event: 385.082 Thread 0x00000230ff902550 Uncommon trap: reason=profile_predicate action=maybe_recompile pc=0x00000230f196c29c method=sun.security.provider.HashDrbg.addBytes([BI[[B)V @ 36 c2
Event: 385.082 Thread 0x00000230ff902550 DEOPT PACKING pc=0x00000230f196c29c sp=0x0000003621bfefd0
Event: 385.082 Thread 0x00000230ff902550 DEOPT UNPACKING pc=0x00000230e98c20a3 sp=0x0000003621bfef20 mode 2
Event: 385.140 Thread 0x00000230ff8feb90 Uncommon trap: trap_request=0xffffffbe fr.pc=0x00000230f196c29c relative=0x000000000000029c
Event: 385.140 Thread 0x00000230ff8feb90 Uncommon trap: reason=profile_predicate action=maybe_recompile pc=0x00000230f196c29c method=sun.security.provider.HashDrbg.addBytes([BI[[B)V @ 36 c2
Event: 385.140 Thread 0x00000230ff8feb90 DEOPT PACKING pc=0x00000230f196c29c sp=0x0000003621afedd0
Event: 385.140 Thread 0x00000230ff8feb90 DEOPT UNPACKING pc=0x00000230e98c20a3 sp=0x0000003621afed20 mode 2
Event: 385.287 Thread 0x00000230ff8feb90 Uncommon trap: trap_request=0xffffffbe fr.pc=0x00000230f196c29c relative=0x000000000000029c
Event: 385.287 Thread 0x00000230ff8feb90 Uncommon trap: reason=profile_predicate action=maybe_recompile pc=0x00000230f196c29c method=sun.security.provider.HashDrbg.addBytes([BI[[B)V @ 36 c2
Event: 385.287 Thread 0x00000230ff8feb90 DEOPT PACKING pc=0x00000230f196c29c sp=0x0000003621afe3d0
Event: 385.287 Thread 0x00000230ff8feb90 DEOPT UNPACKING pc=0x00000230e98c20a3 sp=0x0000003621afe320 mode 2
Event: 385.287 Thread 0x00000230ff8feb90 Uncommon trap: trap_request=0xffffffbe fr.pc=0x00000230f196c29c relative=0x000000000000029c
Event: 385.287 Thread 0x00000230ff8feb90 Uncommon trap: reason=profile_predicate action=maybe_recompile pc=0x00000230f196c29c method=sun.security.provider.HashDrbg.addBytes([BI[[B)V @ 36 c2
Event: 385.288 Thread 0x00000230ff8feb90 DEOPT PACKING pc=0x00000230f196c29c sp=0x0000003621afe3d0
Event: 385.288 Thread 0x00000230ff8feb90 DEOPT UNPACKING pc=0x00000230e98c20a3 sp=0x0000003621afe320 mode 2
Event: 385.728 Thread 0x00000230ff903890 Uncommon trap: trap_request=0xffffff45 fr.pc=0x00000230f197acc8 relative=0x0000000000000588
Event: 385.728 Thread 0x00000230ff903890 Uncommon trap: reason=unstable_if action=reinterpret pc=0x00000230f197acc8 method=org.eclipse.jdt.internal.compiler.util.SimpleSet.includes(Ljava/lang/Object;)Z @ 35 c2
Event: 385.728 Thread 0x00000230ff903890 DEOPT PACKING pc=0x00000230f197acc8 sp=0x0000003622efdf50
Event: 385.728 Thread 0x00000230ff903890 DEOPT UNPACKING pc=0x00000230e98c20a3 sp=0x0000003622efdee0 mode 2

Classes unloaded (20 events):
Event: 367.675 Thread 0x00000230fa9db460 Unloading class 0x00000001006ba000 'org/codehaus/plexus/interpolation/ValueSource'
Event: 367.675 Thread 0x00000230fa9db460 Unloading class 0x00000001006b9ce8 'org/apache/maven/shared/filtering/MavenFileFilterRequest'
Event: 367.675 Thread 0x00000230fa9db460 Unloading class 0x00000001006b9a40 'org/apache/maven/shared/filtering/DefaultMavenReaderFilter'
Event: 367.675 Thread 0x00000230fa9db460 Unloading class 0x00000001006b97d8 'org/apache/maven/shared/filtering/BaseFilter'
Event: 367.675 Thread 0x00000230fa9db460 Unloading class 0x00000001006b95c0 'org/sonatype/plexus/components/cipher/PBECipher'
Event: 367.675 Thread 0x00000230fa9db460 Unloading class 0x00000001006b9368 'org/sonatype/plexus/components/cipher/PlexusCipherException'
Event: 367.675 Thread 0x00000230fa9db460 Unloading class 0x00000001006b90b8 'org/sonatype/plexus/components/cipher/DefaultPlexusCipher'
Event: 367.675 Thread 0x00000230fa9db460 Unloading class 0x00000001006b8d08 'org/apache/maven/shared/filtering/MavenResourcesExecution'
Event: 367.675 Thread 0x00000230fa9db460 Unloading class 0x00000001006b8a38 'org/apache/maven/shared/filtering/AbstractMavenFilteringRequest'
Event: 367.675 Thread 0x00000230fa9db460 Unloading class 0x00000001006b87e0 'org/apache/maven/shared/filtering/MavenFilteringException'
Event: 367.675 Thread 0x00000230fa9db460 Unloading class 0x00000001006b85e8 'org/apache/maven/shared/filtering/MavenResourcesFiltering'
Event: 367.675 Thread 0x00000230fa9db460 Unloading class 0x00000001006b83f0 'org/apache/maven/shared/filtering/MavenReaderFilter'
Event: 367.675 Thread 0x00000230fa9db460 Unloading class 0x00000001006b81f8 'org/apache/maven/shared/filtering/MavenFileFilter'
Event: 367.675 Thread 0x00000230fa9db460 Unloading class 0x00000001006b8000 'org/apache/maven/shared/filtering/DefaultFilterInfo'
Event: 367.675 Thread 0x00000230fa9db460 Unloading class 0x00000001006abdf0 'org/sonatype/plexus/components/cipher/PlexusCipher'
Event: 367.675 Thread 0x00000230fa9db460 Unloading class 0x00000001006abbf8 'org/sonatype/plexus/components/sec/dispatcher/SecDispatcher'
Event: 367.675 Thread 0x00000230fa9db460 Unloading class 0x00000001006ab8d0 'org/apache/maven/plugins/resources/TestResourcesMojo'
Event: 367.675 Thread 0x00000230fa9db460 Unloading class 0x00000001006ab650 'org/apache/maven/plugins/resources/HelpMojo'
Event: 367.675 Thread 0x00000230fa9db460 Unloading class 0x00000001006ab328 'org/apache/maven/plugins/resources/CopyResourcesMojo'
Event: 367.675 Thread 0x00000230fa9db460 Unloading class 0x00000001006ab000 'org/apache/maven/plugins/resources/ResourcesMojo'

Classes redefined (0 events):
No events

Internal exceptions (20 events):
Event: 367.541 Thread 0x00000230fd899ba0 Implicit null exception at 0x00000230eac01e3f to 0x00000230eac06cca
Event: 367.541 Thread 0x00000230fd899ba0 Exception <a 'java/lang/NullPointerException'{0x00000000eac0adb8}> (0x00000000eac0adb8) 
thrown [e:\jenkins\tmp\workspace\build\src\src\hotspot\share\runtime\sharedRuntime.cpp, line 628]
Event: 367.541 Thread 0x00000230fd899ba0 Implicit null exception at 0x00000230eac01e3f to 0x00000230eac06cca
Event: 367.541 Thread 0x00000230fd899ba0 Exception <a 'java/lang/NullPointerException'{0x00000000eac0b338}> (0x00000000eac0b338) 
thrown [e:\jenkins\tmp\workspace\build\src\src\hotspot\share\runtime\sharedRuntime.cpp, line 628]
Event: 367.541 Thread 0x00000230fd899ba0 Implicit null exception at 0x00000230eac01e3f to 0x00000230eac06cca
Event: 367.541 Thread 0x00000230fd899ba0 Exception <a 'java/lang/NullPointerException'{0x00000000eac0b8b8}> (0x00000000eac0b8b8) 
thrown [e:\jenkins\tmp\workspace\build\src\src\hotspot\share\runtime\sharedRuntime.cpp, line 628]
Event: 367.808 Thread 0x00000230fd894030 Exception <a 'sun/nio/fs/WindowsException'{0x00000000eab9c8a8}> (0x00000000eab9c8a8) 
thrown [e:\jenkins\tmp\workspace\build\src\src\hotspot\share\prims\jni.cpp, line 516]
Event: 385.384 Thread 0x00000230ff8feb90 Exception <a 'sun/nio/fs/WindowsException'{0x00000000eab85388}> (0x00000000eab85388) 
thrown [e:\jenkins\tmp\workspace\build\src\src\hotspot\share\prims\jni.cpp, line 516]
Event: 385.385 Thread 0x00000230ff8feb90 Exception <a 'sun/nio/fs/WindowsException'{0x00000000eab85b40}> (0x00000000eab85b40) 
thrown [e:\jenkins\tmp\workspace\build\src\src\hotspot\share\prims\jni.cpp, line 516]
Event: 385.387 Thread 0x00000230ff8feb90 Exception <a 'sun/nio/fs/WindowsException'{0x00000000eab86340}> (0x00000000eab86340) 
thrown [e:\jenkins\tmp\workspace\build\src\src\hotspot\share\prims\jni.cpp, line 516]
Event: 385.393 Thread 0x00000230ff8feb90 Exception <a 'sun/nio/fs/WindowsException'{0x00000000eab8c2b8}> (0x00000000eab8c2b8) 
thrown [e:\jenkins\tmp\workspace\build\src\src\hotspot\share\prims\jni.cpp, line 516]
Event: 385.397 Thread 0x00000230ff8feb90 Exception <a 'sun/nio/fs/WindowsException'{0x00000000eab91870}> (0x00000000eab91870) 
thrown [e:\jenkins\tmp\workspace\build\src\src\hotspot\share\prims\jni.cpp, line 516]
Event: 385.406 Thread 0x00000230ff8feb90 Exception <a 'sun/nio/fs/WindowsException'{0x00000000eab97398}> (0x00000000eab97398) 
thrown [e:\jenkins\tmp\workspace\build\src\src\hotspot\share\prims\jni.cpp, line 516]
Event: 385.754 Thread 0x00000230ff8feb90 Exception <a 'sun/nio/fs/WindowsException'{0x00000000eab5cf18}> (0x00000000eab5cf18) 
thrown [e:\jenkins\tmp\workspace\build\src\src\hotspot\share\prims\jni.cpp, line 516]
Event: 385.767 Thread 0x00000230ff8feb90 Exception <a 'sun/nio/fs/WindowsException'{0x00000000eab6db10}> (0x00000000eab6db10) 
thrown [e:\jenkins\tmp\workspace\build\src\src\hotspot\share\prims\jni.cpp, line 516]
Event: 385.768 Thread 0x00000230ff8feb90 Exception <a 'sun/nio/fs/WindowsException'{0x00000000eab6e300}> (0x00000000eab6e300) 
thrown [e:\jenkins\tmp\workspace\build\src\src\hotspot\share\prims\jni.cpp, line 516]
Event: 385.770 Thread 0x00000230ff8feb90 Exception <a 'sun/nio/fs/WindowsException'{0x00000000eab6eb28}> (0x00000000eab6eb28) 
thrown [e:\jenkins\tmp\workspace\build\src\src\hotspot\share\prims\jni.cpp, line 516]
Event: 385.777 Thread 0x00000230ff8feb90 Exception <a 'sun/nio/fs/WindowsException'{0x00000000eab74628}> (0x00000000eab74628) 
thrown [e:\jenkins\tmp\workspace\build\src\src\hotspot\share\prims\jni.cpp, line 516]
Event: 385.798 Thread 0x00000230ff8feb90 Exception <a 'sun/nio/fs/WindowsException'{0x00000000eab79d10}> (0x00000000eab79d10) 
thrown [e:\jenkins\tmp\workspace\build\src\src\hotspot\share\prims\jni.cpp, line 516]
Event: 386.075 Thread 0x00000230ff8feb90 Exception <a 'sun/nio/fs/WindowsException'{0x00000000eab808f8}> (0x00000000eab808f8) 
thrown [e:\jenkins\tmp\workspace\build\src\src\hotspot\share\prims\jni.cpp, line 516]

VM Operations (20 events):
Event: 385.276 Executing VM operation: ParallelGCFailedAllocation
Event: 385.278 Executing VM operation: ParallelGCFailedAllocation done
Event: 385.466 Executing VM operation: ParallelGCFailedAllocation
Event: 385.467 Executing VM operation: ParallelGCFailedAllocation done
Event: 385.567 Executing VM operation: ParallelGCFailedAllocation
Event: 385.568 Executing VM operation: ParallelGCFailedAllocation done
Event: 385.634 Executing VM operation: ParallelGCFailedAllocation
Event: 385.636 Executing VM operation: ParallelGCFailedAllocation done
Event: 385.728 Executing VM operation: ParallelGCFailedAllocation
Event: 385.731 Executing VM operation: ParallelGCFailedAllocation done
Event: 386.274 Executing VM operation: ParallelGCFailedAllocation
Event: 386.279 Executing VM operation: ParallelGCFailedAllocation done
Event: 386.312 Executing VM operation: ParallelGCFailedAllocation
Event: 386.313 Executing VM operation: ParallelGCFailedAllocation done
Event: 386.338 Executing VM operation: ParallelGCFailedAllocation
Event: 386.339 Executing VM operation: ParallelGCFailedAllocation done
Event: 386.381 Executing VM operation: ParallelGCFailedAllocation
Event: 386.382 Executing VM operation: ParallelGCFailedAllocation done
Event: 386.431 Executing VM operation: ParallelGCFailedAllocation
Event: 386.432 Executing VM operation: ParallelGCFailedAllocation done

Events (20 events):
Event: 366.117 loading class java/lang/invoke/MethodHandleImpl$BindCaller$1 done
Event: 366.121 loading class java/lang/invoke/BoundMethodHandle$Species_LI
Event: 366.121 loading class java/lang/invoke/BoundMethodHandle$Species_LI done
Event: 366.121 loading class java/lang/invoke/ClassSpecializer$Factory$1Var
Event: 366.122 loading class java/lang/invoke/ClassSpecializer$Factory$1Var done
Event: 366.128 loading class java/lang/invoke/BoundMethodHandle$Species_LIL
Event: 366.128 loading class java/lang/invoke/BoundMethodHandle$Species_LIL done
Event: 366.139 loading class java/io/ObjectStreamClass$DeserializationConstructorsCache$Key$Impl
Event: 366.139 loading class java/io/ObjectStreamClass$DeserializationConstructorsCache$Key$Impl done
Event: 366.646 Thread 0x00000230ff5b16e0 Thread exited: 0x00000230ff5b16e0
Event: 366.977 Thread 0x00000230ff5afd90 Thread added: 0x00000230ff5afd90
Event: 368.604 Thread 0x00000230ff5afd90 Thread exited: 0x00000230ff5afd90
Event: 369.134 loading class java/util/concurrent/CompletionException
Event: 369.134 loading class java/util/concurrent/CompletionException done
Event: 369.134 loading class java/lang/Throwable$WrappedPrintWriter
Event: 369.134 loading class java/lang/Throwable$WrappedPrintWriter done
Event: 385.163 Thread 0x00000230ff5afd90 Thread added: 0x00000230ff5afd90
Event: 385.648 Thread 0x00000230ff5afd90 Thread exited: 0x00000230ff5afd90
Event: 385.653 Thread 0x00000230ff903890 Thread added: 0x00000230ff903890
Event: 385.752 Thread 0x00000230ff903890 Thread exited: 0x00000230ff903890


Dynamic libraries:
0x00007ff675330000 - 0x00007ff67533e000 	c:\Users\Geraldo\.vscode\extensions\redhat.java-1.8.0-win32-x64\jre\17.0.3-win32-x86_64\bin\java.exe
0x00007ff9f8890000 - 0x00007ff9f8a87000 	C:\WINDOWS\SYSTEM32\ntdll.dll
0x00007ff9f8700000 - 0x00007ff9f87bd000 	C:\WINDOWS\System32\KERNEL32.DLL
0x00007ff9f5f80000 - 0x00007ff9f624d000 	C:\WINDOWS\System32\KERNELBASE.dll
0x00007ff9f6580000 - 0x00007ff9f6680000 	C:\WINDOWS\System32\ucrtbase.dll
0x00007ff9ee010000 - 0x00007ff9ee029000 	c:\Users\Geraldo\.vscode\extensions\redhat.java-1.8.0-win32-x64\jre\17.0.3-win32-x86_64\bin\VCRUNTIME140.dll
0x00007ff9ee0c0000 - 0x00007ff9ee0d8000 	c:\Users\Geraldo\.vscode\extensions\redhat.java-1.8.0-win32-x64\jre\17.0.3-win32-x86_64\bin\jli.dll
0x00007ff9f72f0000 - 0x00007ff9f7490000 	C:\WINDOWS\System32\USER32.dll
0x00007ff9f64c0000 - 0x00007ff9f64e2000 	C:\WINDOWS\System32\win32u.dll
0x00007ff9e5f10000 - 0x00007ff9e61aa000 	C:\WINDOWS\WinSxS\amd64_microsoft.windows.common-controls_6595b64144ccf1df_6.0.19041.1110_none_60b5254171f9507e\COMCTL32.dll
0x00007ff9f7120000 - 0x00007ff9f714a000 	C:\WINDOWS\System32\GDI32.dll
0x00007ff9f6cc0000 - 0x00007ff9f6d5e000 	C:\WINDOWS\System32\msvcrt.dll
0x00007ff9f6250000 - 0x00007ff9f635b000 	C:\WINDOWS\System32\gdi32full.dll
0x00007ff9f6420000 - 0x00007ff9f64bd000 	C:\WINDOWS\System32\msvcp_win.dll
0x00007ff9f7e50000 - 0x00007ff9f7e80000 	C:\WINDOWS\System32\IMM32.DLL
0x00007ff9edf60000 - 0x00007ff9edf6c000 	c:\Users\Geraldo\.vscode\extensions\redhat.java-1.8.0-win32-x64\jre\17.0.3-win32-x86_64\bin\vcruntime140_1.dll
0x00007ff9c0330000 - 0x00007ff9c03c1000 	c:\Users\Geraldo\.vscode\extensions\redhat.java-1.8.0-win32-x64\jre\17.0.3-win32-x86_64\bin\msvcp140.dll
0x00007ff999320000 - 0x00007ff999f68000 	c:\Users\Geraldo\.vscode\extensions\redhat.java-1.8.0-win32-x64\jre\17.0.3-win32-x86_64\bin\server\jvm.dll
0x00007ff9f6d60000 - 0x00007ff9f6e0e000 	C:\WINDOWS\System32\ADVAPI32.dll
0x00007ff9f7150000 - 0x00007ff9f71ec000 	C:\WINDOWS\System32\sechost.dll
0x00007ff9f6f20000 - 0x00007ff9f7045000 	C:\WINDOWS\System32\RPCRT4.dll
0x00007ff9f68f0000 - 0x00007ff9f68f8000 	C:\WINDOWS\System32\PSAPI.DLL
0x00007ff9e2760000 - 0x00007ff9e2787000 	C:\WINDOWS\SYSTEM32\WINMM.dll
0x00007ff9e3170000 - 0x00007ff9e317a000 	C:\WINDOWS\SYSTEM32\VERSION.dll
0x00007ff9deff0000 - 0x00007ff9deff9000 	C:\WINDOWS\SYSTEM32\WSOCK32.dll
0x00007ff9f7280000 - 0x00007ff9f72eb000 	C:\WINDOWS\System32\WS2_32.dll
0x00007ff9f3da0000 - 0x00007ff9f3db2000 	C:\WINDOWS\SYSTEM32\kernel.appcore.dll
0x00007ff9edf50000 - 0x00007ff9edf5a000 	c:\Users\Geraldo\.vscode\extensions\redhat.java-1.8.0-win32-x64\jre\17.0.3-win32-x86_64\bin\jimage.dll
0x00007ff9e0f40000 - 0x00007ff9e1124000 	C:\WINDOWS\SYSTEM32\DBGHELP.DLL
0x00007ff9e0f10000 - 0x00007ff9e0f3c000 	C:\WINDOWS\SYSTEM32\dbgcore.DLL
0x00007ff9f64f0000 - 0x00007ff9f6572000 	C:\WINDOWS\System32\bcryptPrimitives.dll
0x00007ff9e6b40000 - 0x00007ff9e6b65000 	c:\Users\Geraldo\.vscode\extensions\redhat.java-1.8.0-win32-x64\jre\17.0.3-win32-x86_64\bin\java.dll
0x00007ff9e03b0000 - 0x00007ff9e03c8000 	c:\Users\Geraldo\.vscode\extensions\redhat.java-1.8.0-win32-x64\jre\17.0.3-win32-x86_64\bin\zip.dll
0x00007ff9f7490000 - 0x00007ff9f7bd4000 	C:\WINDOWS\System32\SHELL32.dll
0x00007ff9f4080000 - 0x00007ff9f4814000 	C:\WINDOWS\SYSTEM32\windows.storage.dll
0x00007ff9f6900000 - 0x00007ff9f6c54000 	C:\WINDOWS\System32\combase.dll
0x00007ff9f5910000 - 0x00007ff9f593c000 	C:\WINDOWS\SYSTEM32\Wldp.dll
0x00007ff9f6e10000 - 0x00007ff9f6ebd000 	C:\WINDOWS\System32\SHCORE.dll
0x00007ff9f6ec0000 - 0x00007ff9f6f15000 	C:\WINDOWS\System32\shlwapi.dll
0x00007ff9f5ec0000 - 0x00007ff9f5edf000 	C:\WINDOWS\SYSTEM32\profapi.dll
0x00007ff9e0390000 - 0x00007ff9e03a9000 	C:\Users\Geraldo\.vscode\extensions\redhat.java-1.8.0-win32-x64\jre\17.0.3-win32-x86_64\bin\net.dll
0x00007ff9e82e0000 - 0x00007ff9e83ea000 	C:\WINDOWS\SYSTEM32\WINHTTP.dll
0x00007ff9f5670000 - 0x00007ff9f56da000 	C:\WINDOWS\system32\mswsock.dll
0x00007ff9c5b70000 - 0x00007ff9c5b85000 	C:\Users\Geraldo\.vscode\extensions\redhat.java-1.8.0-win32-x64\jre\17.0.3-win32-x86_64\bin\nio.dll
0x00007ff9ee350000 - 0x00007ff9ee38e000 	C:\Users\Geraldo\AppData\Roaming\Code\User\globalStorage\redhat.java\1.8.0\config_win\org.eclipse.equinox.launcher\org.eclipse.equinox.launcher.win32.win32.x86_64_1.2.500.v20220509-0833\eclipse_11700.dll
0x00007ff9f7cc0000 - 0x00007ff9f7dea000 	C:\WINDOWS\System32\ole32.dll
0x00007ff9f19c0000 - 0x00007ff9f19c9000 	C:\Users\Geraldo\.vscode\extensions\redhat.java-1.8.0-win32-x64\jre\17.0.3-win32-x86_64\bin\management.dll
0x00007ff9f19b0000 - 0x00007ff9f19bb000 	C:\Users\Geraldo\.vscode\extensions\redhat.java-1.8.0-win32-x64\jre\17.0.3-win32-x86_64\bin\management_ext.dll
0x00007ff9f19e0000 - 0x00007ff9f19f0000 	c:\Users\Geraldo\.vscode\extensions\redhat.java-1.8.0-win32-x64\jre\17.0.3-win32-x86_64\bin\verify.dll
0x00007ff9f5870000 - 0x00007ff9f5888000 	C:\WINDOWS\SYSTEM32\CRYPTSP.dll
0x00007ff9f4ff0000 - 0x00007ff9f5024000 	C:\WINDOWS\system32\rsaenh.dll
0x00007ff9f6680000 - 0x00007ff9f66a7000 	C:\WINDOWS\System32\bcrypt.dll
0x00007ff9f5e40000 - 0x00007ff9f5e6e000 	C:\WINDOWS\SYSTEM32\USERENV.dll
0x00007ff9f5860000 - 0x00007ff9f586c000 	C:\WINDOWS\SYSTEM32\CRYPTBASE.dll
0x00007ff9f5360000 - 0x00007ff9f539b000 	C:\WINDOWS\SYSTEM32\IPHLPAPI.DLL
0x00007ff9f86f0000 - 0x00007ff9f86f8000 	C:\WINDOWS\System32\NSI.dll
0x00007ff9ed380000 - 0x00007ff9ed397000 	C:\WINDOWS\SYSTEM32\dhcpcsvc6.DLL
0x00007ff9eb5c0000 - 0x00007ff9eb5dd000 	C:\WINDOWS\SYSTEM32\dhcpcsvc.DLL
0x00007ff9f53a0000 - 0x00007ff9f546b000 	C:\WINDOWS\SYSTEM32\DNSAPI.dll
0x00007ff9e6ce0000 - 0x00007ff9e6d24000 	C:\Users\Geraldo\AppData\Local\Temp\jna-1588074282\jna18277075936917395494.dll
0x00007ff9f19d0000 - 0x00007ff9f19de000 	C:\Users\Geraldo\.vscode\extensions\redhat.java-1.8.0-win32-x64\jre\17.0.3-win32-x86_64\bin\sunmscapi.dll
0x00007ff9f6760000 - 0x00007ff9f68b6000 	C:\WINDOWS\System32\CRYPT32.dll
0x00007ff9f5980000 - 0x00007ff9f59a7000 	C:\WINDOWS\SYSTEM32\ncrypt.dll
0x00007ff9f5940000 - 0x00007ff9f597b000 	C:\WINDOWS\SYSTEM32\NTASN1.dll
0x00007ff9e7760000 - 0x00007ff9e776a000 	C:\Windows\System32\rasadhlp.dll
0x00007ff9e78a0000 - 0x00007ff9e7920000 	C:\WINDOWS\System32\fwpuclnt.dll

dbghelp: loaded successfully - version: 4.0.5 - missing functions: none
symbol engine: initialized successfully - sym options: 0x614 - pdb path: .;c:\Users\Geraldo\.vscode\extensions\redhat.java-1.8.0-win32-x64\jre\17.0.3-win32-x86_64\bin;C:\WINDOWS\SYSTEM32;C:\WINDOWS\WinSxS\amd64_microsoft.windows.common-controls_6595b64144ccf1df_6.0.19041.1110_none_60b5254171f9507e;c:\Users\Geraldo\.vscode\extensions\redhat.java-1.8.0-win32-x64\jre\17.0.3-win32-x86_64\bin\server;C:\Users\Geraldo\AppData\Roaming\Code\User\globalStorage\redhat.java\1.8.0\config_win\org.eclipse.equinox.launcher\org.eclipse.equinox.launcher.win32.win32.x86_64_1.2.500.v20220509-0833;C:\Users\Geraldo\AppData\Local\Temp\jna-1588074282

VM Arguments:
jvm_args: --add-modules=ALL-SYSTEM --add-opens=java.base/java.util=ALL-UNNAMED --add-opens=java.base/java.lang=ALL-UNNAMED --add-opens=java.base/sun.nio.fs=ALL-UNNAMED -Declipse.application=org.eclipse.jdt.ls.core.id1 -Dosgi.bundles.defaultStartLevel=4 -Declipse.product=org.eclipse.jdt.ls.core.product -Djava.import.generatesMetadataFilesAtProjectRoot=false -Dfile.encoding=utf8 -DwatchParentProcess=false -XX:+UseParallelGC -XX:GCTimeRatio=4 -XX:AdaptiveSizePolicyWeight=90 -Dsun.zip.disableMemoryMapping=true -Xmx1G -Xms100m -XX:+HeapDumpOnOutOfMemoryError -XX:HeapDumpPath=c:\Users\Geraldo\AppData\Roaming\Code\User\workspaceStorage\2254ab51db5a41ec9a493b77a183878c\redhat.java 
java_command: c:\Users\Geraldo\.vscode\extensions\redhat.java-1.8.0-win32-x64\server\plugins\org.eclipse.equinox.launcher_1.6.400.v20210924-0641.jar -configuration c:\Users\Geraldo\AppData\Roaming\Code\User\globalStorage\redhat.java\1.8.0\config_win -data c:\Users\Geraldo\AppData\Roaming\Code\User\workspaceStorage\2254ab51db5a41ec9a493b77a183878c\redhat.java\jdt_ws
java_class_path (initial): c:\Users\Geraldo\.vscode\extensions\redhat.java-1.8.0-win32-x64\server\plugins\org.eclipse.equinox.launcher_1.6.400.v20210924-0641.jar
Launcher Type: SUN_STANDARD

[Global flags]
    uintx AdaptiveSizePolicyWeight                 = 90                                        {product} {command line}
     intx CICompilerCount                          = 3                                         {product} {ergonomic}
    uintx GCTimeRatio                              = 4                                         {product} {command line}
     bool HeapDumpOnOutOfMemoryError               = true                                   {manageable} {command line}
    ccstr HeapDumpPath                             = c:\Users\Geraldo\AppData\Roaming\Code\User\workspaceStorage\2254ab51db5a41ec9a493b77a183878c\redhat.java         {manageable} {command line}
   size_t InitialHeapSize                          = 104857600                                 {product} {command line}
   size_t MaxHeapSize                              = 1073741824                                {product} {command line}
   size_t MaxNewSize                               = 357564416                                 {product} {ergonomic}
   size_t MinHeapDeltaBytes                        = 524288                                    {product} {ergonomic}
   size_t MinHeapSize                              = 104857600                                 {product} {command line}
   size_t NewSize                                  = 34603008                                  {product} {ergonomic}
    uintx NonNMethodCodeHeapSize                   = 5832780                                {pd product} {ergonomic}
    uintx NonProfiledCodeHeapSize                  = 122912730                              {pd product} {ergonomic}
   size_t OldSize                                  = 70254592                                  {product} {ergonomic}
    uintx ProfiledCodeHeapSize                     = 122912730                              {pd product} {ergonomic}
    uintx ReservedCodeCacheSize                    = 251658240                              {pd product} {ergonomic}
     bool SegmentedCodeCache                       = true                                      {product} {ergonomic}
   size_t SoftMaxHeapSize                          = 1073741824                             {manageable} {ergonomic}
     bool UseCompressedClassPointers               = true                           {product lp64_product} {ergonomic}
     bool UseCompressedOops                        = true                           {product lp64_product} {ergonomic}
     bool UseLargePagesIndividualAllocation        = false                                  {pd product} {ergonomic}
     bool UseParallelGC                            = true                                      {product} {command line}

Logging:
Log output configuration:
 #0: stdout all=warning uptime,level,tags
 #1: stderr all=off uptime,level,tags

Environment Variables:
JAVA_HOME=C:\Program Files\Java\jdk1.8.0_11
CLASSPATH=;%JAVA_HOME%;
PATH=C:\Program Files\Zulu\zulu-17\bin\;C:\Python310\Scripts\;C:\Python310\;C:\Program Files (x86)\Common Files\Oracle\Java\javapath;C:\ProgramData\Oracle\Java\javapath;C:\Program Files (x86)\Intel\iCLS Client\;C:\Program Files\Intel\iCLS Client\;C:\Windows\system32;C:\Windows;C:\Windows\System32\Wbem;C:\Windows\System32\WindowsPowerShell\v1.0\;C:\Program Files\Intel\Intel(R) Management Engine Components\DAL;C:\Program Files\Intel\Intel(R) Management Engine Components\IPT;C:\Program Files (x86)\Intel\Intel(R) Management Engine Components\DAL;C:\Program Files (x86)\Intel\Intel(R) Management Engine Components\IPT;C:\Program Files\Acer\Remote Files\;C:\Program Files\Java\jdk1.8.0_11\bin;C:\Program Files (x86)\Common Files\Acronis\SnapAPI\;C:\WINDOWS\system32;C:\WINDOWS;C:\WINDOWS\System32\Wbem;C:\WINDOWS\System32\WindowsPowerShell\v1.0\;C:\Program Files\Git\cmd;C:\Program Files (x86)\QuickTime\QTSystem\;C:\WINDOWS\System32\OpenSSH\;C:\composer;C:\Geraldo\gradle-5.5.1-all\gradle-5.5.1\bin;C:\Program Files (x86)\MySQL\MySQL Workbench 6.1 CE;C:\Program Files (x86)\Brackets\command;C:\Program Files (x86)\MySQL\MySQL Utilities 1.6\;C:\geraldo\build-tools\28.0.3;C:\geraldo\platforms;C:\geraldo\platforms-tools;C:\Program Files (x86)\Yarn\bin\;C:\xampp4\php;C:\Program Files\nodejs\;C:\ProgramData\chocolatey\bin;C:\Users\Geraldo\AppData\Local\Programs\Python\Python36-32\Scripts\;C:\Users\Geraldo\AppData\Local\Programs\Python\Python36-32\;C:\Users\Geraldo\AppData\Local\Microsoft\WindowsApps;C:\Program Files\Microsoft VS Code\bin;C:\Users\Geraldo\AppData\Roaming\Composer\vendor\bin;C:\Geraldo\flutter\bin;C:\Program Files\JetBrains\WebStorm 2019.2.1\bin;C:\Users\Geraldo\AppData\Local\Microsoft\WindowsApps;C:\Users\Geraldo\AppData\Local\Yarn\bin;C:\Program Files\MongoDB 2.6 Standard\bin;C:\Users\Geraldo\AppData\Local\atom\bin;C:\Users\Geraldo\AppData\Local\Programs\Microsoft VS Code\bin;C:\Program Files\heroku\bin;C:\Users\Geraldo\AppData\Roaming\npm
USERNAME=Geraldo
OS=Windows_NT
PROCESSOR_IDENTIFIER=Intel64 Family 6 Model 69 Stepping 1, GenuineIntel



---------------  S Y S T E M  ---------------

OS:
 Windows 10 , 64 bit Build 19041 (10.0.19041.1741)
OS uptime: 0 days 17:29 hours

CPU: total 4 (initial active 4) (2 cores per cpu, 2 threads per core) family 6 model 69 stepping 1 microcode 0x25, cx8, cmov, fxsr, ht, mmx, sse, sse2, sse3, ssse3, sse4.1, sse4.2, popcnt, lzcnt, tsc, tscinvbit, avx, avx2, aes, erms, clmul, bmi1, bmi2, fma, vzeroupper, clflush

Memory: 4k page, system-wide physical 6024M (398M free)
TotalPageFile size 8072M (AvailPageFile size 8M)
current process WorkingSet (physical memory assigned to process): 260M, peak: 326M
current process commit charge ("private bytes"): 287M, peak: 371M

vm_info: OpenJDK 64-Bit Server VM (17.0.3+7) for windows-amd64 JRE (17.0.3+7), built on Apr 19 2022 16:55:35 by "" with MS VC++ 16.7 (VS2019)

END.
